Analysis & Synthesis report for projetoSD1
Wed Jun 21 16:42:00 2017
Quartus II 32-bit Version 13.0.0 Build 156 04/24/2013 SJ Web Edition


---------------------
; Table of Contents ;
---------------------
  1. Legal Notice
  2. Analysis & Synthesis Summary
  3. Analysis & Synthesis Settings
  4. Parallel Compilation
  5. Analysis & Synthesis Source Files Read
  6. Analysis & Synthesis Resource Usage Summary
  7. Analysis & Synthesis Resource Utilization by Entity
  8. Analysis & Synthesis IP Cores Summary
  9. General Register Statistics
 10. Parameter Settings for User Entity Instance: lpm_compare7:inst24|lpm_compare:LPM_COMPARE_component
 11. Parameter Settings for User Entity Instance: lpm_counter1:inst4|lpm_counter:LPM_COUNTER_component
 12. Parameter Settings for User Entity Instance: lpm_compare10:inst3|lpm_compare:LPM_COMPARE_component
 13. Parameter Settings for User Entity Instance: lpm_counter3:inst|lpm_counter:LPM_COUNTER_component
 14. Parameter Settings for User Entity Instance: lpm_compare11:inst7|lpm_compare:LPM_COMPARE_component
 15. Parameter Settings for User Entity Instance: lpm_compare3:inst8|lpm_compare:LPM_COMPARE_component
 16. Parameter Settings for User Entity Instance: lpm_compare4:inst9|lpm_compare:LPM_COMPARE_component
 17. Parameter Settings for User Entity Instance: lpm_compare5:inst22|lpm_compare:LPM_COMPARE_component
 18. Parameter Settings for User Entity Instance: lpm_compare6:inst23|lpm_compare:LPM_COMPARE_component
 19. Parameter Settings for User Entity Instance: lpm_mux2:inst32|LPM_MUX:LPM_MUX_component
 20. Parameter Settings for User Entity Instance: lpm_compare8:inst11|lpm_compare:LPM_COMPARE_component
 21. Parameter Settings for User Entity Instance: lpm_counter2:inst28|lpm_counter:LPM_COUNTER_component
 22. Parameter Settings for User Entity Instance: lpm_compare12:inst19|lpm_compare:LPM_COMPARE_component
 23. Parameter Settings for User Entity Instance: lpm_counter4:inst25|lpm_counter:LPM_COUNTER_component
 24. Parameter Settings for User Entity Instance: lpm_constant1:inst31|lpm_constant:LPM_CONSTANT_component
 25. Elapsed Time Per Partition
 26. Analysis & Synthesis Messages



----------------
; Legal Notice ;
----------------
Copyright (C) 1991-2013 Altera Corporation
Your use of Altera Corporation's design tools, logic functions 
and other software and tools, and its AMPP partner logic 
functions, and any output files from any of the foregoing 
(including device programming or simulation files), and any 
associated documentation or information are expressly subject 
to the terms and conditions of the Altera Program License 
Subscription Agreement, Altera MegaCore Function License 
Agreement, or other applicable license agreement, including, 
without limitation, that your use is for the sole purpose of 
programming logic devices manufactured by Altera and sold by 
Altera or its authorized distributors.  Please refer to the 
applicable agreement for further details.



+---------------------------------------------------------------------------------+
; Analysis & Synthesis Summary                                                    ;
+------------------------------------+--------------------------------------------+
; Analysis & Synthesis Status        ; Successful - Wed Jun 21 16:42:00 2017      ;
; Quartus II 32-bit Version          ; 13.0.0 Build 156 04/24/2013 SJ Web Edition ;
; Revision Name                      ; projetoSD1                                 ;
; Top-level Entity Name              ; finalSDAtualizado1                         ;
; Family                             ; Cyclone II                                 ;
; Total logic elements               ; 146                                        ;
;     Total combinational functions  ; 145                                        ;
;     Dedicated logic registers      ; 74                                         ;
; Total registers                    ; 74                                         ;
; Total pins                         ; 11                                         ;
; Total virtual pins                 ; 0                                          ;
; Total memory bits                  ; 0                                          ;
; Embedded Multiplier 9-bit elements ; 0                                          ;
; Total PLLs                         ; 0                                          ;
+------------------------------------+--------------------------------------------+


+----------------------------------------------------------------------------------------------------------------------+
; Analysis & Synthesis Settings                                                                                        ;
+----------------------------------------------------------------------------+--------------------+--------------------+
; Option                                                                     ; Setting            ; Default Value      ;
+----------------------------------------------------------------------------+--------------------+--------------------+
; Device                                                                     ; EP2C35F672C6       ;                    ;
; Top-level entity name                                                      ; finalSDAtualizado1 ; projetoSD1         ;
; Family name                                                                ; Cyclone II         ; Cyclone IV GX      ;
; Use smart compilation                                                      ; Off                ; Off                ;
; Enable parallel Assembler and TimeQuest Timing Analyzer during compilation ; On                 ; On                 ;
; Enable compact report table                                                ; Off                ; Off                ;
; Restructure Multiplexers                                                   ; Auto               ; Auto               ;
; Create Debugging Nodes for IP Cores                                        ; Off                ; Off                ;
; Preserve fewer node names                                                  ; On                 ; On                 ;
; Disable OpenCore Plus hardware evaluation                                  ; Off                ; Off                ;
; Verilog Version                                                            ; Verilog_2001       ; Verilog_2001       ;
; VHDL Version                                                               ; VHDL_1993          ; VHDL_1993          ;
; State Machine Processing                                                   ; Auto               ; Auto               ;
; Safe State Machine                                                         ; Off                ; Off                ;
; Extract Verilog State Machines                                             ; On                 ; On                 ;
; Extract VHDL State Machines                                                ; On                 ; On                 ;
; Ignore Verilog initial constructs                                          ; Off                ; Off                ;
; Iteration limit for constant Verilog loops                                 ; 5000               ; 5000               ;
; Iteration limit for non-constant Verilog loops                             ; 250                ; 250                ;
; Add Pass-Through Logic to Inferred RAMs                                    ; On                 ; On                 ;
; Infer RAMs from Raw Logic                                                  ; On                 ; On                 ;
; Parallel Synthesis                                                         ; On                 ; On                 ;
; DSP Block Balancing                                                        ; Auto               ; Auto               ;
; NOT Gate Push-Back                                                         ; On                 ; On                 ;
; Power-Up Don't Care                                                        ; On                 ; On                 ;
; Remove Redundant Logic Cells                                               ; Off                ; Off                ;
; Remove Duplicate Registers                                                 ; On                 ; On                 ;
; Ignore CARRY Buffers                                                       ; Off                ; Off                ;
; Ignore CASCADE Buffers                                                     ; Off                ; Off                ;
; Ignore GLOBAL Buffers                                                      ; Off                ; Off                ;
; Ignore ROW GLOBAL Buffers                                                  ; Off                ; Off                ;
; Ignore LCELL Buffers                                                       ; Off                ; Off                ;
; Ignore SOFT Buffers                                                        ; On                 ; On                 ;
; Limit AHDL Integers to 32 Bits                                             ; Off                ; Off                ;
; Optimization Technique                                                     ; Balanced           ; Balanced           ;
; Carry Chain Length                                                         ; 70                 ; 70                 ;
; Auto Carry Chains                                                          ; On                 ; On                 ;
; Auto Open-Drain Pins                                                       ; On                 ; On                 ;
; Perform WYSIWYG Primitive Resynthesis                                      ; Off                ; Off                ;
; Auto ROM Replacement                                                       ; On                 ; On                 ;
; Auto RAM Replacement                                                       ; On                 ; On                 ;
; Auto Shift Register Replacement                                            ; Auto               ; Auto               ;
; Allow Shift Register Merging across Hierarchies                            ; Auto               ; Auto               ;
; Auto Clock Enable Replacement                                              ; On                 ; On                 ;
; Strict RAM Replacement                                                     ; Off                ; Off                ;
; Allow Synchronous Control Signals                                          ; On                 ; On                 ;
; Force Use of Synchronous Clear Signals                                     ; Off                ; Off                ;
; Auto RAM to Logic Cell Conversion                                          ; Off                ; Off                ;
; Auto Resource Sharing                                                      ; Off                ; Off                ;
; Allow Any RAM Size For Recognition                                         ; Off                ; Off                ;
; Allow Any ROM Size For Recognition                                         ; Off                ; Off                ;
; Allow Any Shift Register Size For Recognition                              ; Off                ; Off                ;
; Use LogicLock Constraints during Resource Balancing                        ; On                 ; On                 ;
; Ignore translate_off and synthesis_off directives                          ; Off                ; Off                ;
; Timing-Driven Synthesis                                                    ; Off                ; Off                ;
; Report Parameter Settings                                                  ; On                 ; On                 ;
; Report Source Assignments                                                  ; On                 ; On                 ;
; Report Connectivity Checks                                                 ; On                 ; On                 ;
; Ignore Maximum Fan-Out Assignments                                         ; Off                ; Off                ;
; Synchronization Register Chain Length                                      ; 2                  ; 2                  ;
; PowerPlay Power Optimization                                               ; Normal compilation ; Normal compilation ;
; HDL message level                                                          ; Level2             ; Level2             ;
; Suppress Register Optimization Related Messages                            ; Off                ; Off                ;
; Number of Removed Registers Reported in Synthesis Report                   ; 5000               ; 5000               ;
; Number of Swept Nodes Reported in Synthesis Report                         ; 5000               ; 5000               ;
; Number of Inverted Registers Reported in Synthesis Report                  ; 100                ; 100                ;
; Clock MUX Protection                                                       ; On                 ; On                 ;
; Auto Gated Clock Conversion                                                ; Off                ; Off                ;
; Block Design Naming                                                        ; Auto               ; Auto               ;
; SDC constraint protection                                                  ; Off                ; Off                ;
; Synthesis Effort                                                           ; Auto               ; Auto               ;
; Shift Register Replacement - Allow Asynchronous Clear Signal               ; On                 ; On                 ;
; Pre-Mapping Resynthesis Optimization                                       ; Off                ; Off                ;
; Analysis & Synthesis Message Level                                         ; Medium             ; Medium             ;
; Disable Register Merging Across Hierarchies                                ; Auto               ; Auto               ;
; Resource Aware Inference For Block RAM                                     ; On                 ; On                 ;
; Synthesis Seed                                                             ; 1                  ; 1                  ;
+----------------------------------------------------------------------------+--------------------+--------------------+


Parallel compilation was disabled, but you have multiple processors available. Enable parallel compilation to reduce compilation time.
+-------------------------------------+
; Parallel Compilation                ;
+----------------------------+--------+
; Processors                 ; Number ;
+----------------------------+--------+
; Number detected on machine ; 4      ;
; Maximum allowed            ; 1      ;
+----------------------------+--------+


+----------------------------------------------------------------------------------------------------------------------------------------------------------------------------+
; Analysis & Synthesis Source Files Read                                                                                                                                     ;
+----------------------------------+-----------------+------------------------------------+------------------------------------------------------------------------+---------+
; File Name with User-Entered Path ; Used in Netlist ; File Type                          ; File Name with Absolute Path                                           ; Library ;
+----------------------------------+-----------------+------------------------------------+------------------------------------------------------------------------+---------+
; finalSDAtualizado1.bdf           ; yes             ; User Block Diagram/Schematic File  ; C:/Users/Aluno/Downloads/projetoSD1/finalSDAtualizado1.bdf             ;         ;
; lpm_counter1.vhd                 ; yes             ; User Wizard-Generated File         ; C:/Users/Aluno/Downloads/projetoSD1/lpm_counter1.vhd                   ;         ;
; lpm_compare3.vhd                 ; yes             ; User Wizard-Generated File         ; C:/Users/Aluno/Downloads/projetoSD1/lpm_compare3.vhd                   ;         ;
; lpm_compare4.vhd                 ; yes             ; User Wizard-Generated File         ; C:/Users/Aluno/Downloads/projetoSD1/lpm_compare4.vhd                   ;         ;
; lpm_compare5.vhd                 ; yes             ; User Wizard-Generated File         ; C:/Users/Aluno/Downloads/projetoSD1/lpm_compare5.vhd                   ;         ;
; lpm_compare6.vhd                 ; yes             ; User Wizard-Generated File         ; C:/Users/Aluno/Downloads/projetoSD1/lpm_compare6.vhd                   ;         ;
; lpm_compare7.vhd                 ; yes             ; User Wizard-Generated File         ; C:/Users/Aluno/Downloads/projetoSD1/lpm_compare7.vhd                   ;         ;
; lpm_counter2.vhd                 ; yes             ; User Wizard-Generated File         ; C:/Users/Aluno/Downloads/projetoSD1/lpm_counter2.vhd                   ;         ;
; lpm_compare10.vhd                ; yes             ; User Wizard-Generated File         ; C:/Users/Aluno/Downloads/projetoSD1/lpm_compare10.vhd                  ;         ;
; lpm_compare11.vhd                ; yes             ; User Wizard-Generated File         ; C:/Users/Aluno/Downloads/projetoSD1/lpm_compare11.vhd                  ;         ;
; lpm_counter3.vhd                 ; yes             ; User Wizard-Generated File         ; C:/Users/Aluno/Downloads/projetoSD1/lpm_counter3.vhd                   ;         ;
; lpm_compare12.vhd                ; yes             ; User Wizard-Generated File         ; C:/Users/Aluno/Downloads/projetoSD1/lpm_compare12.vhd                  ;         ;
; lpm_counter4.vhd                 ; yes             ; User Wizard-Generated File         ; C:/Users/Aluno/Downloads/projetoSD1/lpm_counter4.vhd                   ;         ;
; lpm_constant1.vhd                ; yes             ; User Wizard-Generated File         ; C:/Users/Aluno/Downloads/projetoSD1/lpm_constant1.vhd                  ;         ;
; output_files/lpm_mux2.vhd        ; yes             ; User Wizard-Generated File         ; C:/Users/Aluno/Downloads/projetoSD1/output_files/lpm_mux2.vhd          ;         ;
; lpm_compare.tdf                  ; yes             ; Megafunction                       ; c:/altera/13.0/quartus/libraries/megafunctions/lpm_compare.tdf         ;         ;
; comptree.inc                     ; yes             ; Megafunction                       ; c:/altera/13.0/quartus/libraries/megafunctions/comptree.inc            ;         ;
; altshift.inc                     ; yes             ; Megafunction                       ; c:/altera/13.0/quartus/libraries/megafunctions/altshift.inc            ;         ;
; aglobal130.inc                   ; yes             ; Megafunction                       ; c:/altera/13.0/quartus/libraries/megafunctions/aglobal130.inc          ;         ;
; db/cmpr_ccj.tdf                  ; yes             ; Auto-Generated Megafunction        ; C:/Users/Aluno/Downloads/projetoSD1/db/cmpr_ccj.tdf                    ;         ;
; lpm_counter.tdf                  ; yes             ; Megafunction                       ; c:/altera/13.0/quartus/libraries/megafunctions/lpm_counter.tdf         ;         ;
; lpm_constant.inc                 ; yes             ; Megafunction                       ; c:/altera/13.0/quartus/libraries/megafunctions/lpm_constant.inc        ;         ;
; lpm_decode.inc                   ; yes             ; Megafunction                       ; c:/altera/13.0/quartus/libraries/megafunctions/lpm_decode.inc          ;         ;
; lpm_add_sub.inc                  ; yes             ; Megafunction                       ; c:/altera/13.0/quartus/libraries/megafunctions/lpm_add_sub.inc         ;         ;
; cmpconst.inc                     ; yes             ; Megafunction                       ; c:/altera/13.0/quartus/libraries/megafunctions/cmpconst.inc            ;         ;
; lpm_compare.inc                  ; yes             ; Megafunction                       ; c:/altera/13.0/quartus/libraries/megafunctions/lpm_compare.inc         ;         ;
; lpm_counter.inc                  ; yes             ; Megafunction                       ; c:/altera/13.0/quartus/libraries/megafunctions/lpm_counter.inc         ;         ;
; dffeea.inc                       ; yes             ; Megafunction                       ; c:/altera/13.0/quartus/libraries/megafunctions/dffeea.inc              ;         ;
; alt_counter_stratix.inc          ; yes             ; Megafunction                       ; c:/altera/13.0/quartus/libraries/megafunctions/alt_counter_stratix.inc ;         ;
; db/cntr_dmh.tdf                  ; yes             ; Auto-Generated Megafunction        ; C:/Users/Aluno/Downloads/projetoSD1/db/cntr_dmh.tdf                    ;         ;
; db/cmpr_c9j.tdf                  ; yes             ; Auto-Generated Megafunction        ; C:/Users/Aluno/Downloads/projetoSD1/db/cmpr_c9j.tdf                    ;         ;
; db/cntr_4lj.tdf                  ; yes             ; Auto-Generated Megafunction        ; C:/Users/Aluno/Downloads/projetoSD1/db/cntr_4lj.tdf                    ;         ;
; db/cmpr_tdc.tdf                  ; yes             ; Auto-Generated Megafunction        ; C:/Users/Aluno/Downloads/projetoSD1/db/cmpr_tdc.tdf                    ;         ;
; db/cmpr_hcj.tdf                  ; yes             ; Auto-Generated Megafunction        ; C:/Users/Aluno/Downloads/projetoSD1/db/cmpr_hcj.tdf                    ;         ;
; lpm_mux.tdf                      ; yes             ; Megafunction                       ; c:/altera/13.0/quartus/libraries/megafunctions/lpm_mux.tdf             ;         ;
; muxlut.inc                       ; yes             ; Megafunction                       ; c:/altera/13.0/quartus/libraries/megafunctions/muxlut.inc              ;         ;
; bypassff.inc                     ; yes             ; Megafunction                       ; c:/altera/13.0/quartus/libraries/megafunctions/bypassff.inc            ;         ;
; db/mux_03e.tdf                   ; yes             ; Auto-Generated Megafunction        ; C:/Users/Aluno/Downloads/projetoSD1/db/mux_03e.tdf                     ;         ;
; lpm_compare8.vhd                 ; yes             ; Auto-Found Wizard-Generated File   ; C:/Users/Aluno/Downloads/projetoSD1/lpm_compare8.vhd                   ;         ;
; db/cmpr_5jg.tdf                  ; yes             ; Auto-Generated Megafunction        ; C:/Users/Aluno/Downloads/projetoSD1/db/cmpr_5jg.tdf                    ;         ;
; db/cntr_4bi.tdf                  ; yes             ; Auto-Generated Megafunction        ; C:/Users/Aluno/Downloads/projetoSD1/db/cntr_4bi.tdf                    ;         ;
; lpm_constant.tdf                 ; yes             ; Megafunction                       ; c:/altera/13.0/quartus/libraries/megafunctions/lpm_constant.tdf        ;         ;
+----------------------------------+-----------------+------------------------------------+------------------------------------------------------------------------+---------+


+-----------------------------------------------------+
; Analysis & Synthesis Resource Usage Summary         ;
+---------------------------------------------+-------+
; Resource                                    ; Usage ;
+---------------------------------------------+-------+
; Estimated Total logic elements              ; 146   ;
;                                             ;       ;
; Total combinational functions               ; 145   ;
; Logic element usage by number of LUT inputs ;       ;
;     -- 4 input functions                    ; 39    ;
;     -- 3 input functions                    ; 24    ;
;     -- <=2 input functions                  ; 82    ;
;                                             ;       ;
; Logic elements by mode                      ;       ;
;     -- normal mode                          ; 59    ;
;     -- arithmetic mode                      ; 86    ;
;                                             ;       ;
; Total registers                             ; 74    ;
;     -- Dedicated logic registers            ; 74    ;
;     -- I/O registers                        ; 0     ;
;                                             ;       ;
; I/O pins                                    ; 11    ;
; Embedded Multiplier 9-bit elements          ; 0     ;
; Maximum fan-out node                        ; CLOCK ;
; Maximum fan-out                             ; 56    ;
; Total fan-out                               ; 613   ;
; Average fan-out                             ; 2.67  ;
+---------------------------------------------+-------+


+---------------------------------------------------------------------------------------------------------------------------------------------------------------------------------------------------------------------------------------------------------------------------------------+
; Analysis & Synthesis Resource Utilization by Entity                                                                                                                                                                                                                                   ;
+-------------------------------------------+-------------------+--------------+-------------+--------------+---------+-----------+------+--------------+----------------------------------------------------------------------------------------------------------------+--------------+
; Compilation Hierarchy Node                ; LC Combinationals ; LC Registers ; Memory Bits ; DSP Elements ; DSP 9x9 ; DSP 18x18 ; Pins ; Virtual Pins ; Full Hierarchy Name                                                                                            ; Library Name ;
+-------------------------------------------+-------------------+--------------+-------------+--------------+---------+-----------+------+--------------+----------------------------------------------------------------------------------------------------------------+--------------+
; |finalSDAtualizado1                       ; 145 (12)          ; 74 (2)       ; 0           ; 0            ; 0       ; 0         ; 11   ; 0            ; |finalSDAtualizado1                                                                                            ;              ;
;    |lpm_compare10:inst3|                  ; 5 (0)             ; 0 (0)        ; 0           ; 0            ; 0       ; 0         ; 0    ; 0            ; |finalSDAtualizado1|lpm_compare10:inst3                                                                        ;              ;
;       |lpm_compare:LPM_COMPARE_component| ; 5 (0)             ; 0 (0)        ; 0           ; 0            ; 0       ; 0         ; 0    ; 0            ; |finalSDAtualizado1|lpm_compare10:inst3|lpm_compare:LPM_COMPARE_component                                      ;              ;
;          |cmpr_c9j:auto_generated|        ; 5 (5)             ; 0 (0)        ; 0           ; 0            ; 0       ; 0         ; 0    ; 0            ; |finalSDAtualizado1|lpm_compare10:inst3|lpm_compare:LPM_COMPARE_component|cmpr_c9j:auto_generated              ;              ;
;    |lpm_compare11:inst7|                  ; 7 (0)             ; 0 (0)        ; 0           ; 0            ; 0       ; 0         ; 0    ; 0            ; |finalSDAtualizado1|lpm_compare11:inst7                                                                        ;              ;
;       |lpm_compare:LPM_COMPARE_component| ; 7 (0)             ; 0 (0)        ; 0           ; 0            ; 0       ; 0         ; 0    ; 0            ; |finalSDAtualizado1|lpm_compare11:inst7|lpm_compare:LPM_COMPARE_component                                      ;              ;
;          |cmpr_hcj:auto_generated|        ; 7 (7)             ; 0 (0)        ; 0           ; 0            ; 0       ; 0         ; 0    ; 0            ; |finalSDAtualizado1|lpm_compare11:inst7|lpm_compare:LPM_COMPARE_component|cmpr_hcj:auto_generated              ;              ;
;    |lpm_compare3:inst8|                   ; 4 (0)             ; 0 (0)        ; 0           ; 0            ; 0       ; 0         ; 0    ; 0            ; |finalSDAtualizado1|lpm_compare3:inst8                                                                         ;              ;
;       |lpm_compare:LPM_COMPARE_component| ; 4 (0)             ; 0 (0)        ; 0           ; 0            ; 0       ; 0         ; 0    ; 0            ; |finalSDAtualizado1|lpm_compare3:inst8|lpm_compare:LPM_COMPARE_component                                       ;              ;
;          |cmpr_hcj:auto_generated|        ; 4 (4)             ; 0 (0)        ; 0           ; 0            ; 0       ; 0         ; 0    ; 0            ; |finalSDAtualizado1|lpm_compare3:inst8|lpm_compare:LPM_COMPARE_component|cmpr_hcj:auto_generated               ;              ;
;    |lpm_compare4:inst9|                   ; 7 (0)             ; 0 (0)        ; 0           ; 0            ; 0       ; 0         ; 0    ; 0            ; |finalSDAtualizado1|lpm_compare4:inst9                                                                         ;              ;
;       |lpm_compare:LPM_COMPARE_component| ; 7 (0)             ; 0 (0)        ; 0           ; 0            ; 0       ; 0         ; 0    ; 0            ; |finalSDAtualizado1|lpm_compare4:inst9|lpm_compare:LPM_COMPARE_component                                       ;              ;
;          |cmpr_hcj:auto_generated|        ; 7 (7)             ; 0 (0)        ; 0           ; 0            ; 0       ; 0         ; 0    ; 0            ; |finalSDAtualizado1|lpm_compare4:inst9|lpm_compare:LPM_COMPARE_component|cmpr_hcj:auto_generated               ;              ;
;    |lpm_compare5:inst22|                  ; 6 (0)             ; 0 (0)        ; 0           ; 0            ; 0       ; 0         ; 0    ; 0            ; |finalSDAtualizado1|lpm_compare5:inst22                                                                        ;              ;
;       |lpm_compare:LPM_COMPARE_component| ; 6 (0)             ; 0 (0)        ; 0           ; 0            ; 0       ; 0         ; 0    ; 0            ; |finalSDAtualizado1|lpm_compare5:inst22|lpm_compare:LPM_COMPARE_component                                      ;              ;
;          |cmpr_hcj:auto_generated|        ; 6 (6)             ; 0 (0)        ; 0           ; 0            ; 0       ; 0         ; 0    ; 0            ; |finalSDAtualizado1|lpm_compare5:inst22|lpm_compare:LPM_COMPARE_component|cmpr_hcj:auto_generated              ;              ;
;    |lpm_compare8:inst11|                  ; 18 (0)            ; 0 (0)        ; 0           ; 0            ; 0       ; 0         ; 0    ; 0            ; |finalSDAtualizado1|lpm_compare8:inst11                                                                        ;              ;
;       |lpm_compare:LPM_COMPARE_component| ; 18 (0)            ; 0 (0)        ; 0           ; 0            ; 0       ; 0         ; 0    ; 0            ; |finalSDAtualizado1|lpm_compare8:inst11|lpm_compare:LPM_COMPARE_component                                      ;              ;
;          |cmpr_5jg:auto_generated|        ; 18 (18)           ; 0 (0)        ; 0           ; 0            ; 0       ; 0         ; 0    ; 0            ; |finalSDAtualizado1|lpm_compare8:inst11|lpm_compare:LPM_COMPARE_component|cmpr_5jg:auto_generated              ;              ;
;    |lpm_counter1:inst4|                   ; 18 (0)            ; 18 (0)       ; 0           ; 0            ; 0       ; 0         ; 0    ; 0            ; |finalSDAtualizado1|lpm_counter1:inst4                                                                         ;              ;
;       |lpm_counter:LPM_COUNTER_component| ; 18 (0)            ; 18 (0)       ; 0           ; 0            ; 0       ; 0         ; 0    ; 0            ; |finalSDAtualizado1|lpm_counter1:inst4|lpm_counter:LPM_COUNTER_component                                       ;              ;
;          |cntr_dmh:auto_generated|        ; 18 (18)           ; 18 (18)      ; 0           ; 0            ; 0       ; 0         ; 0    ; 0            ; |finalSDAtualizado1|lpm_counter1:inst4|lpm_counter:LPM_COUNTER_component|cntr_dmh:auto_generated               ;              ;
;    |lpm_counter2:inst28|                  ; 18 (0)            ; 18 (0)       ; 0           ; 0            ; 0       ; 0         ; 0    ; 0            ; |finalSDAtualizado1|lpm_counter2:inst28                                                                        ;              ;
;       |lpm_counter:LPM_COUNTER_component| ; 18 (0)            ; 18 (0)       ; 0           ; 0            ; 0       ; 0         ; 0    ; 0            ; |finalSDAtualizado1|lpm_counter2:inst28|lpm_counter:LPM_COUNTER_component                                      ;              ;
;          |cntr_4bi:auto_generated|        ; 18 (18)           ; 18 (18)      ; 0           ; 0            ; 0       ; 0         ; 0    ; 0            ; |finalSDAtualizado1|lpm_counter2:inst28|lpm_counter:LPM_COUNTER_component|cntr_4bi:auto_generated              ;              ;
;    |lpm_counter3:inst|                    ; 26 (0)            ; 18 (0)       ; 0           ; 0            ; 0       ; 0         ; 0    ; 0            ; |finalSDAtualizado1|lpm_counter3:inst                                                                          ;              ;
;       |lpm_counter:LPM_COUNTER_component| ; 26 (0)            ; 18 (0)       ; 0           ; 0            ; 0       ; 0         ; 0    ; 0            ; |finalSDAtualizado1|lpm_counter3:inst|lpm_counter:LPM_COUNTER_component                                        ;              ;
;          |cntr_4lj:auto_generated|        ; 26 (20)           ; 18 (18)      ; 0           ; 0            ; 0       ; 0         ; 0    ; 0            ; |finalSDAtualizado1|lpm_counter3:inst|lpm_counter:LPM_COUNTER_component|cntr_4lj:auto_generated                ;              ;
;             |cmpr_tdc:cmpr2|              ; 6 (6)             ; 0 (0)        ; 0           ; 0            ; 0       ; 0         ; 0    ; 0            ; |finalSDAtualizado1|lpm_counter3:inst|lpm_counter:LPM_COUNTER_component|cntr_4lj:auto_generated|cmpr_tdc:cmpr2 ;              ;
;    |lpm_counter4:inst25|                  ; 18 (0)            ; 18 (0)       ; 0           ; 0            ; 0       ; 0         ; 0    ; 0            ; |finalSDAtualizado1|lpm_counter4:inst25                                                                        ;              ;
;       |lpm_counter:LPM_COUNTER_component| ; 18 (0)            ; 18 (0)       ; 0           ; 0            ; 0       ; 0         ; 0    ; 0            ; |finalSDAtualizado1|lpm_counter4:inst25|lpm_counter:LPM_COUNTER_component                                      ;              ;
;          |cntr_4bi:auto_generated|        ; 18 (18)           ; 18 (18)      ; 0           ; 0            ; 0       ; 0         ; 0    ; 0            ; |finalSDAtualizado1|lpm_counter4:inst25|lpm_counter:LPM_COUNTER_component|cntr_4bi:auto_generated              ;              ;
;    |lpm_mux2:inst32|                      ; 6 (0)             ; 0 (0)        ; 0           ; 0            ; 0       ; 0         ; 0    ; 0            ; |finalSDAtualizado1|lpm_mux2:inst32                                                                            ;              ;
;       |lpm_mux:LPM_MUX_component|         ; 6 (0)             ; 0 (0)        ; 0           ; 0            ; 0       ; 0         ; 0    ; 0            ; |finalSDAtualizado1|lpm_mux2:inst32|lpm_mux:LPM_MUX_component                                                  ;              ;
;          |mux_03e:auto_generated|         ; 6 (6)             ; 0 (0)        ; 0           ; 0            ; 0       ; 0         ; 0    ; 0            ; |finalSDAtualizado1|lpm_mux2:inst32|lpm_mux:LPM_MUX_component|mux_03e:auto_generated                           ;              ;
+-------------------------------------------+-------------------+--------------+-------------+--------------+---------+-----------+------+--------------+----------------------------------------------------------------------------------------------------------------+--------------+
Note: For table entries with two numbers listed, the numbers in parentheses indicate the number of resources of the given type used by the specific entity alone. The numbers listed outside of parentheses indicate the total resources of the given type used by the specific entity and all of its sub-entities in the hierarchy.


+--------------------------------------------------------------------------------------------------------------------------------------------------------------------------+
; Analysis & Synthesis IP Cores Summary                                                                                                                                    ;
+--------+--------------+---------+--------------+--------------+------------------------------------------+---------------------------------------------------------------+
; Vendor ; IP Core Name ; Version ; Release Date ; License Type ; Entity Instance                          ; IP Include File                                               ;
+--------+--------------+---------+--------------+--------------+------------------------------------------+---------------------------------------------------------------+
; Altera ; LPM_COUNTER  ; 13.0    ; N/A          ; N/A          ; |finalSDAtualizado1|lpm_counter3:inst    ; C:/Users/Aluno/Downloads/projetoSD1/lpm_counter3.vhd          ;
; Altera ; LPM_COMPARE  ; 13.0    ; N/A          ; N/A          ; |finalSDAtualizado1|lpm_compare10:inst3  ; C:/Users/Aluno/Downloads/projetoSD1/lpm_compare10.vhd         ;
; Altera ; LPM_COUNTER  ; 13.0    ; N/A          ; N/A          ; |finalSDAtualizado1|lpm_counter1:inst4   ; C:/Users/Aluno/Downloads/projetoSD1/lpm_counter1.vhd          ;
; Altera ; LPM_COMPARE  ; 13.0    ; N/A          ; N/A          ; |finalSDAtualizado1|lpm_compare11:inst7  ; C:/Users/Aluno/Downloads/projetoSD1/lpm_compare11.vhd         ;
; Altera ; LPM_COMPARE  ; 13.0    ; N/A          ; N/A          ; |finalSDAtualizado1|lpm_compare3:inst8   ; C:/Users/Aluno/Downloads/projetoSD1/lpm_compare3.vhd          ;
; Altera ; LPM_COMPARE  ; 13.0    ; N/A          ; N/A          ; |finalSDAtualizado1|lpm_compare4:inst9   ; C:/Users/Aluno/Downloads/projetoSD1/lpm_compare4.vhd          ;
; Altera ; LPM_COMPARE  ; N/A     ; N/A          ; N/A          ; |finalSDAtualizado1|lpm_compare8:inst11  ; C:/Users/Aluno/Downloads/projetoSD1/lpm_compare8.vhd          ;
; Altera ; LPM_COMPARE  ; 13.0    ; N/A          ; N/A          ; |finalSDAtualizado1|lpm_compare12:inst19 ; C:/Users/Aluno/Downloads/projetoSD1/lpm_compare12.vhd         ;
; Altera ; LPM_COMPARE  ; 13.0    ; N/A          ; N/A          ; |finalSDAtualizado1|lpm_compare5:inst22  ; C:/Users/Aluno/Downloads/projetoSD1/lpm_compare5.vhd          ;
; Altera ; LPM_COMPARE  ; 13.0    ; N/A          ; N/A          ; |finalSDAtualizado1|lpm_compare6:inst23  ; C:/Users/Aluno/Downloads/projetoSD1/lpm_compare6.vhd          ;
; Altera ; LPM_COMPARE  ; 13.0    ; N/A          ; N/A          ; |finalSDAtualizado1|lpm_compare7:inst24  ; C:/Users/Aluno/Downloads/projetoSD1/lpm_compare7.vhd          ;
; Altera ; LPM_COUNTER  ; 13.0    ; N/A          ; N/A          ; |finalSDAtualizado1|lpm_counter4:inst25  ; C:/Users/Aluno/Downloads/projetoSD1/lpm_counter4.vhd          ;
; Altera ; LPM_COUNTER  ; 13.0    ; N/A          ; N/A          ; |finalSDAtualizado1|lpm_counter2:inst28  ; C:/Users/Aluno/Downloads/projetoSD1/lpm_counter2.vhd          ;
; Altera ; LPM_CONSTANT ; 13.0    ; N/A          ; N/A          ; |finalSDAtualizado1|lpm_constant1:inst31 ; C:/Users/Aluno/Downloads/projetoSD1/lpm_constant1.vhd         ;
; Altera ; LPM_MUX      ; 13.0    ; N/A          ; N/A          ; |finalSDAtualizado1|lpm_mux2:inst32      ; C:/Users/Aluno/Downloads/projetoSD1/output_files/lpm_mux2.vhd ;
+--------+--------------+---------+--------------+--------------+------------------------------------------+---------------------------------------------------------------+


+------------------------------------------------------+
; General Register Statistics                          ;
+----------------------------------------------+-------+
; Statistic                                    ; Value ;
+----------------------------------------------+-------+
; Total registers                              ; 74    ;
; Number of registers using Synchronous Clear  ; 0     ;
; Number of registers using Synchronous Load   ; 18    ;
; Number of registers using Asynchronous Clear ; 0     ;
; Number of registers using Asynchronous Load  ; 0     ;
; Number of registers using Clock Enable       ; 36    ;
; Number of registers using Preset             ; 0     ;
+----------------------------------------------+-------+


+----------------------------------------------------------------------------------------------------+
; Parameter Settings for User Entity Instance: lpm_compare7:inst24|lpm_compare:LPM_COMPARE_component ;
+------------------------+------------+--------------------------------------------------------------+
; Parameter Name         ; Value      ; Type                                                         ;
+------------------------+------------+--------------------------------------------------------------+
; lpm_width              ; 18         ; Signed Integer                                               ;
; LPM_REPRESENTATION     ; UNSIGNED   ; Untyped                                                      ;
; LPM_PIPELINE           ; 0          ; Untyped                                                      ;
; CHAIN_SIZE             ; 8          ; Untyped                                                      ;
; ONE_INPUT_IS_CONSTANT  ; YES        ; Untyped                                                      ;
; CARRY_CHAIN            ; MANUAL     ; Untyped                                                      ;
; CASCADE_CHAIN          ; MANUAL     ; Untyped                                                      ;
; CARRY_CHAIN_LENGTH     ; 48         ; CARRY_CHAIN_LENGTH                                           ;
; CASCADE_CHAIN_LENGTH   ; 2          ; CASCADE_CHAIN_LENGTH                                         ;
; DEVICE_FAMILY          ; Cyclone II ; Untyped                                                      ;
; CBXI_PARAMETER         ; cmpr_ccj   ; Untyped                                                      ;
; AUTO_CARRY_CHAINS      ; ON         ; AUTO_CARRY                                                   ;
; IGNORE_CARRY_BUFFERS   ; OFF        ; IGNORE_CARRY                                                 ;
; AUTO_CASCADE_CHAINS    ; ON         ; AUTO_CASCADE                                                 ;
; IGNORE_CASCADE_BUFFERS ; OFF        ; IGNORE_CASCADE                                               ;
+------------------------+------------+--------------------------------------------------------------+
Note: In order to hide this table in the UI and the text report file, please set the "Show Parameter Settings in Synthesis Report" option in "Analysis and Synthesis Settings -> More Settings" to "Off".


+---------------------------------------------------------------------------------------------------+
; Parameter Settings for User Entity Instance: lpm_counter1:inst4|lpm_counter:LPM_COUNTER_component ;
+------------------------+-------------+------------------------------------------------------------+
; Parameter Name         ; Value       ; Type                                                       ;
+------------------------+-------------+------------------------------------------------------------+
; AUTO_CARRY_CHAINS      ; ON          ; AUTO_CARRY                                                 ;
; IGNORE_CARRY_BUFFERS   ; OFF         ; IGNORE_CARRY                                               ;
; AUTO_CASCADE_CHAINS    ; ON          ; AUTO_CASCADE                                               ;
; IGNORE_CASCADE_BUFFERS ; OFF         ; IGNORE_CASCADE                                             ;
; LPM_WIDTH              ; 18          ; Signed Integer                                             ;
; LPM_DIRECTION          ; UP          ; Untyped                                                    ;
; LPM_MODULUS            ; 0           ; Untyped                                                    ;
; LPM_AVALUE             ; UNUSED      ; Untyped                                                    ;
; LPM_SVALUE             ; UNUSED      ; Untyped                                                    ;
; LPM_PORT_UPDOWN        ; PORT_UNUSED ; Untyped                                                    ;
; DEVICE_FAMILY          ; Cyclone II  ; Untyped                                                    ;
; CARRY_CHAIN            ; MANUAL      ; Untyped                                                    ;
; CARRY_CHAIN_LENGTH     ; 48          ; CARRY_CHAIN_LENGTH                                         ;
; NOT_GATE_PUSH_BACK     ; ON          ; NOT_GATE_PUSH_BACK                                         ;
; CARRY_CNT_EN           ; SMART       ; Untyped                                                    ;
; LABWIDE_SCLR           ; ON          ; Untyped                                                    ;
; USE_NEW_VERSION        ; TRUE        ; Untyped                                                    ;
; CBXI_PARAMETER         ; cntr_dmh    ; Untyped                                                    ;
+------------------------+-------------+------------------------------------------------------------+
Note: In order to hide this table in the UI and the text report file, please set the "Show Parameter Settings in Synthesis Report" option in "Analysis and Synthesis Settings -> More Settings" to "Off".


+----------------------------------------------------------------------------------------------------+
; Parameter Settings for User Entity Instance: lpm_compare10:inst3|lpm_compare:LPM_COMPARE_component ;
+------------------------+------------+--------------------------------------------------------------+
; Parameter Name         ; Value      ; Type                                                         ;
+------------------------+------------+--------------------------------------------------------------+
; lpm_width              ; 18         ; Signed Integer                                               ;
; LPM_REPRESENTATION     ; UNSIGNED   ; Untyped                                                      ;
; LPM_PIPELINE           ; 0          ; Untyped                                                      ;
; CHAIN_SIZE             ; 8          ; Untyped                                                      ;
; ONE_INPUT_IS_CONSTANT  ; YES        ; Untyped                                                      ;
; CARRY_CHAIN            ; MANUAL     ; Untyped                                                      ;
; CASCADE_CHAIN          ; MANUAL     ; Untyped                                                      ;
; CARRY_CHAIN_LENGTH     ; 48         ; CARRY_CHAIN_LENGTH                                           ;
; CASCADE_CHAIN_LENGTH   ; 2          ; CASCADE_CHAIN_LENGTH                                         ;
; DEVICE_FAMILY          ; Cyclone II ; Untyped                                                      ;
; CBXI_PARAMETER         ; cmpr_c9j   ; Untyped                                                      ;
; AUTO_CARRY_CHAINS      ; ON         ; AUTO_CARRY                                                   ;
; IGNORE_CARRY_BUFFERS   ; OFF        ; IGNORE_CARRY                                                 ;
; AUTO_CASCADE_CHAINS    ; ON         ; AUTO_CASCADE                                                 ;
; IGNORE_CASCADE_BUFFERS ; OFF        ; IGNORE_CASCADE                                               ;
+------------------------+------------+--------------------------------------------------------------+
Note: In order to hide this table in the UI and the text report file, please set the "Show Parameter Settings in Synthesis Report" option in "Analysis and Synthesis Settings -> More Settings" to "Off".


+--------------------------------------------------------------------------------------------------+
; Parameter Settings for User Entity Instance: lpm_counter3:inst|lpm_counter:LPM_COUNTER_component ;
+------------------------+-------------+-----------------------------------------------------------+
; Parameter Name         ; Value       ; Type                                                      ;
+------------------------+-------------+-----------------------------------------------------------+
; AUTO_CARRY_CHAINS      ; ON          ; AUTO_CARRY                                                ;
; IGNORE_CARRY_BUFFERS   ; OFF         ; IGNORE_CARRY                                              ;
; AUTO_CASCADE_CHAINS    ; ON          ; AUTO_CASCADE                                              ;
; IGNORE_CASCADE_BUFFERS ; OFF         ; IGNORE_CASCADE                                            ;
; LPM_WIDTH              ; 18          ; Signed Integer                                            ;
; LPM_DIRECTION          ; UP          ; Untyped                                                   ;
; LPM_MODULUS            ; 50000       ; Signed Integer                                            ;
; LPM_AVALUE             ; UNUSED      ; Untyped                                                   ;
; LPM_SVALUE             ; UNUSED      ; Untyped                                                   ;
; LPM_PORT_UPDOWN        ; PORT_UNUSED ; Untyped                                                   ;
; DEVICE_FAMILY          ; Cyclone II  ; Untyped                                                   ;
; CARRY_CHAIN            ; MANUAL      ; Untyped                                                   ;
; CARRY_CHAIN_LENGTH     ; 48          ; CARRY_CHAIN_LENGTH                                        ;
; NOT_GATE_PUSH_BACK     ; ON          ; NOT_GATE_PUSH_BACK                                        ;
; CARRY_CNT_EN           ; SMART       ; Untyped                                                   ;
; LABWIDE_SCLR           ; ON          ; Untyped                                                   ;
; USE_NEW_VERSION        ; TRUE        ; Untyped                                                   ;
; CBXI_PARAMETER         ; cntr_4lj    ; Untyped                                                   ;
+------------------------+-------------+-----------------------------------------------------------+
Note: In order to hide this table in the UI and the text report file, please set the "Show Parameter Settings in Synthesis Report" option in "Analysis and Synthesis Settings -> More Settings" to "Off".


+----------------------------------------------------------------------------------------------------+
; Parameter Settings for User Entity Instance: lpm_compare11:inst7|lpm_compare:LPM_COMPARE_component ;
+------------------------+------------+--------------------------------------------------------------+
; Parameter Name         ; Value      ; Type                                                         ;
+------------------------+------------+--------------------------------------------------------------+
; lpm_width              ; 18         ; Signed Integer                                               ;
; LPM_REPRESENTATION     ; UNSIGNED   ; Untyped                                                      ;
; LPM_PIPELINE           ; 0          ; Untyped                                                      ;
; CHAIN_SIZE             ; 8          ; Untyped                                                      ;
; ONE_INPUT_IS_CONSTANT  ; YES        ; Untyped                                                      ;
; CARRY_CHAIN            ; MANUAL     ; Untyped                                                      ;
; CASCADE_CHAIN          ; MANUAL     ; Untyped                                                      ;
; CARRY_CHAIN_LENGTH     ; 48         ; CARRY_CHAIN_LENGTH                                           ;
; CASCADE_CHAIN_LENGTH   ; 2          ; CASCADE_CHAIN_LENGTH                                         ;
; DEVICE_FAMILY          ; Cyclone II ; Untyped                                                      ;
; CBXI_PARAMETER         ; cmpr_hcj   ; Untyped                                                      ;
; AUTO_CARRY_CHAINS      ; ON         ; AUTO_CARRY                                                   ;
; IGNORE_CARRY_BUFFERS   ; OFF        ; IGNORE_CARRY                                                 ;
; AUTO_CASCADE_CHAINS    ; ON         ; AUTO_CASCADE                                                 ;
; IGNORE_CASCADE_BUFFERS ; OFF        ; IGNORE_CASCADE                                               ;
+------------------------+------------+--------------------------------------------------------------+
Note: In order to hide this table in the UI and the text report file, please set the "Show Parameter Settings in Synthesis Report" option in "Analysis and Synthesis Settings -> More Settings" to "Off".


+---------------------------------------------------------------------------------------------------+
; Parameter Settings for User Entity Instance: lpm_compare3:inst8|lpm_compare:LPM_COMPARE_component ;
+------------------------+------------+-------------------------------------------------------------+
; Parameter Name         ; Value      ; Type                                                        ;
+------------------------+------------+-------------------------------------------------------------+
; lpm_width              ; 18         ; Signed Integer                                              ;
; LPM_REPRESENTATION     ; UNSIGNED   ; Untyped                                                     ;
; LPM_PIPELINE           ; 0          ; Untyped                                                     ;
; CHAIN_SIZE             ; 8          ; Untyped                                                     ;
; ONE_INPUT_IS_CONSTANT  ; YES        ; Untyped                                                     ;
; CARRY_CHAIN            ; MANUAL     ; Untyped                                                     ;
; CASCADE_CHAIN          ; MANUAL     ; Untyped                                                     ;
; CARRY_CHAIN_LENGTH     ; 48         ; CARRY_CHAIN_LENGTH                                          ;
; CASCADE_CHAIN_LENGTH   ; 2          ; CASCADE_CHAIN_LENGTH                                        ;
; DEVICE_FAMILY          ; Cyclone II ; Untyped                                                     ;
; CBXI_PARAMETER         ; cmpr_hcj   ; Untyped                                                     ;
; AUTO_CARRY_CHAINS      ; ON         ; AUTO_CARRY                                                  ;
; IGNORE_CARRY_BUFFERS   ; OFF        ; IGNORE_CARRY                                                ;
; AUTO_CASCADE_CHAINS    ; ON         ; AUTO_CASCADE                                                ;
; IGNORE_CASCADE_BUFFERS ; OFF        ; IGNORE_CASCADE                                              ;
+------------------------+------------+-------------------------------------------------------------+
Note: In order to hide this table in the UI and the text report file, please set the "Show Parameter Settings in Synthesis Report" option in "Analysis and Synthesis Settings -> More Settings" to "Off".


+---------------------------------------------------------------------------------------------------+
; Parameter Settings for User Entity Instance: lpm_compare4:inst9|lpm_compare:LPM_COMPARE_component ;
+------------------------+------------+-------------------------------------------------------------+
; Parameter Name         ; Value      ; Type                                                        ;
+------------------------+------------+-------------------------------------------------------------+
; lpm_width              ; 18         ; Signed Integer                                              ;
; LPM_REPRESENTATION     ; UNSIGNED   ; Untyped                                                     ;
; LPM_PIPELINE           ; 0          ; Untyped                                                     ;
; CHAIN_SIZE             ; 8          ; Untyped                                                     ;
; ONE_INPUT_IS_CONSTANT  ; YES        ; Untyped                                                     ;
; CARRY_CHAIN            ; MANUAL     ; Untyped                                                     ;
; CASCADE_CHAIN          ; MANUAL     ; Untyped                                                     ;
; CARRY_CHAIN_LENGTH     ; 48         ; CARRY_CHAIN_LENGTH                                          ;
; CASCADE_CHAIN_LENGTH   ; 2          ; CASCADE_CHAIN_LENGTH                                        ;
; DEVICE_FAMILY          ; Cyclone II ; Untyped                                                     ;
; CBXI_PARAMETER         ; cmpr_hcj   ; Untyped                                                     ;
; AUTO_CARRY_CHAINS      ; ON         ; AUTO_CARRY                                                  ;
; IGNORE_CARRY_BUFFERS   ; OFF        ; IGNORE_CARRY                                                ;
; AUTO_CASCADE_CHAINS    ; ON         ; AUTO_CASCADE                                                ;
; IGNORE_CASCADE_BUFFERS ; OFF        ; IGNORE_CASCADE                                              ;
+------------------------+------------+-------------------------------------------------------------+
Note: In order to hide this table in the UI and the text report file, please set the "Show Parameter Settings in Synthesis Report" option in "Analysis and Synthesis Settings -> More Settings" to "Off".


+----------------------------------------------------------------------------------------------------+
; Parameter Settings for User Entity Instance: lpm_compare5:inst22|lpm_compare:LPM_COMPARE_component ;
+------------------------+------------+--------------------------------------------------------------+
; Parameter Name         ; Value      ; Type                                                         ;
+------------------------+------------+--------------------------------------------------------------+
; lpm_width              ; 18         ; Signed Integer                                               ;
; LPM_REPRESENTATION     ; UNSIGNED   ; Untyped                                                      ;
; LPM_PIPELINE           ; 0          ; Untyped                                                      ;
; CHAIN_SIZE             ; 8          ; Untyped                                                      ;
; ONE_INPUT_IS_CONSTANT  ; YES        ; Untyped                                                      ;
; CARRY_CHAIN            ; MANUAL     ; Untyped                                                      ;
; CASCADE_CHAIN          ; MANUAL     ; Untyped                                                      ;
; CARRY_CHAIN_LENGTH     ; 48         ; CARRY_CHAIN_LENGTH                                           ;
; CASCADE_CHAIN_LENGTH   ; 2          ; CASCADE_CHAIN_LENGTH                                         ;
; DEVICE_FAMILY          ; Cyclone II ; Untyped                                                      ;
; CBXI_PARAMETER         ; cmpr_hcj   ; Untyped                                                      ;
; AUTO_CARRY_CHAINS      ; ON         ; AUTO_CARRY                                                   ;
; IGNORE_CARRY_BUFFERS   ; OFF        ; IGNORE_CARRY                                                 ;
; AUTO_CASCADE_CHAINS    ; ON         ; AUTO_CASCADE                                                 ;
; IGNORE_CASCADE_BUFFERS ; OFF        ; IGNORE_CASCADE                                               ;
+------------------------+------------+--------------------------------------------------------------+
Note: In order to hide this table in the UI and the text report file, please set the "Show Parameter Settings in Synthesis Report" option in "Analysis and Synthesis Settings -> More Settings" to "Off".


+----------------------------------------------------------------------------------------------------+
; Parameter Settings for User Entity Instance: lpm_compare6:inst23|lpm_compare:LPM_COMPARE_component ;
+------------------------+------------+--------------------------------------------------------------+
; Parameter Name         ; Value      ; Type                                                         ;
+------------------------+------------+--------------------------------------------------------------+
; lpm_width              ; 18         ; Signed Integer                                               ;
; LPM_REPRESENTATION     ; UNSIGNED   ; Untyped                                                      ;
; LPM_PIPELINE           ; 0          ; Untyped                                                      ;
; CHAIN_SIZE             ; 8          ; Untyped                                                      ;
; ONE_INPUT_IS_CONSTANT  ; YES        ; Untyped                                                      ;
; CARRY_CHAIN            ; MANUAL     ; Untyped                                                      ;
; CASCADE_CHAIN          ; MANUAL     ; Untyped                                                      ;
; CARRY_CHAIN_LENGTH     ; 48         ; CARRY_CHAIN_LENGTH                                           ;
; CASCADE_CHAIN_LENGTH   ; 2          ; CASCADE_CHAIN_LENGTH                                         ;
; DEVICE_FAMILY          ; Cyclone II ; Untyped                                                      ;
; CBXI_PARAMETER         ; cmpr_c9j   ; Untyped                                                      ;
; AUTO_CARRY_CHAINS      ; ON         ; AUTO_CARRY                                                   ;
; IGNORE_CARRY_BUFFERS   ; OFF        ; IGNORE_CARRY                                                 ;
; AUTO_CASCADE_CHAINS    ; ON         ; AUTO_CASCADE                                                 ;
; IGNORE_CASCADE_BUFFERS ; OFF        ; IGNORE_CASCADE                                               ;
+------------------------+------------+--------------------------------------------------------------+
Note: In order to hide this table in the UI and the text report file, please set the "Show Parameter Settings in Synthesis Report" option in "Analysis and Synthesis Settings -> More Settings" to "Off".


+----------------------------------------------------------------------------------------+
; Parameter Settings for User Entity Instance: lpm_mux2:inst32|LPM_MUX:LPM_MUX_component ;
+------------------------+------------+--------------------------------------------------+
; Parameter Name         ; Value      ; Type                                             ;
+------------------------+------------+--------------------------------------------------+
; AUTO_CARRY_CHAINS      ; ON         ; AUTO_CARRY                                       ;
; IGNORE_CARRY_BUFFERS   ; OFF        ; IGNORE_CARRY                                     ;
; AUTO_CASCADE_CHAINS    ; ON         ; AUTO_CASCADE                                     ;
; IGNORE_CASCADE_BUFFERS ; OFF        ; IGNORE_CASCADE                                   ;
; LPM_WIDTH              ; 1          ; Signed Integer                                   ;
; LPM_SIZE               ; 2          ; Signed Integer                                   ;
; LPM_WIDTHS             ; 1          ; Signed Integer                                   ;
; LPM_PIPELINE           ; 0          ; Signed Integer                                   ;
; CBXI_PARAMETER         ; mux_03e    ; Untyped                                          ;
; DEVICE_FAMILY          ; Cyclone II ; Untyped                                          ;
+------------------------+------------+--------------------------------------------------+
Note: In order to hide this table in the UI and the text report file, please set the "Show Parameter Settings in Synthesis Report" option in "Analysis and Synthesis Settings -> More Settings" to "Off".


+----------------------------------------------------------------------------------------------------+
; Parameter Settings for User Entity Instance: lpm_compare8:inst11|lpm_compare:LPM_COMPARE_component ;
+------------------------+------------+--------------------------------------------------------------+
; Parameter Name         ; Value      ; Type                                                         ;
+------------------------+------------+--------------------------------------------------------------+
; lpm_width              ; 18         ; Signed Integer                                               ;
; LPM_REPRESENTATION     ; UNSIGNED   ; Untyped                                                      ;
; LPM_PIPELINE           ; 0          ; Untyped                                                      ;
; CHAIN_SIZE             ; 8          ; Untyped                                                      ;
; ONE_INPUT_IS_CONSTANT  ; NO         ; Untyped                                                      ;
; CARRY_CHAIN            ; MANUAL     ; Untyped                                                      ;
; CASCADE_CHAIN          ; MANUAL     ; Untyped                                                      ;
; CARRY_CHAIN_LENGTH     ; 48         ; CARRY_CHAIN_LENGTH                                           ;
; CASCADE_CHAIN_LENGTH   ; 2          ; CASCADE_CHAIN_LENGTH                                         ;
; DEVICE_FAMILY          ; Cyclone II ; Untyped                                                      ;
; CBXI_PARAMETER         ; cmpr_5jg   ; Untyped                                                      ;
; AUTO_CARRY_CHAINS      ; ON         ; AUTO_CARRY                                                   ;
; IGNORE_CARRY_BUFFERS   ; OFF        ; IGNORE_CARRY                                                 ;
; AUTO_CASCADE_CHAINS    ; ON         ; AUTO_CASCADE                                                 ;
; IGNORE_CASCADE_BUFFERS ; OFF        ; IGNORE_CASCADE                                               ;
+------------------------+------------+--------------------------------------------------------------+
Note: In order to hide this table in the UI and the text report file, please set the "Show Parameter Settings in Synthesis Report" option in "Analysis and Synthesis Settings -> More Settings" to "Off".


+----------------------------------------------------------------------------------------------------+
; Parameter Settings for User Entity Instance: lpm_counter2:inst28|lpm_counter:LPM_COUNTER_component ;
+------------------------+-------------+-------------------------------------------------------------+
; Parameter Name         ; Value       ; Type                                                        ;
+------------------------+-------------+-------------------------------------------------------------+
; AUTO_CARRY_CHAINS      ; ON          ; AUTO_CARRY                                                  ;
; IGNORE_CARRY_BUFFERS   ; OFF         ; IGNORE_CARRY                                                ;
; AUTO_CASCADE_CHAINS    ; ON          ; AUTO_CASCADE                                                ;
; IGNORE_CASCADE_BUFFERS ; OFF         ; IGNORE_CASCADE                                              ;
; LPM_WIDTH              ; 18          ; Signed Integer                                              ;
; LPM_DIRECTION          ; UP          ; Untyped                                                     ;
; LPM_MODULUS            ; 0           ; Untyped                                                     ;
; LPM_AVALUE             ; UNUSED      ; Untyped                                                     ;
; LPM_SVALUE             ; UNUSED      ; Untyped                                                     ;
; LPM_PORT_UPDOWN        ; PORT_UNUSED ; Untyped                                                     ;
; DEVICE_FAMILY          ; Cyclone II  ; Untyped                                                     ;
; CARRY_CHAIN            ; MANUAL      ; Untyped                                                     ;
; CARRY_CHAIN_LENGTH     ; 48          ; CARRY_CHAIN_LENGTH                                          ;
; NOT_GATE_PUSH_BACK     ; ON          ; NOT_GATE_PUSH_BACK                                          ;
; CARRY_CNT_EN           ; SMART       ; Untyped                                                     ;
; LABWIDE_SCLR           ; ON          ; Untyped                                                     ;
; USE_NEW_VERSION        ; TRUE        ; Untyped                                                     ;
; CBXI_PARAMETER         ; cntr_4bi    ; Untyped                                                     ;
+------------------------+-------------+-------------------------------------------------------------+
Note: In order to hide this table in the UI and the text report file, please set the "Show Parameter Settings in Synthesis Report" option in "Analysis and Synthesis Settings -> More Settings" to "Off".


+-----------------------------------------------------------------------------------------------------+
; Parameter Settings for User Entity Instance: lpm_compare12:inst19|lpm_compare:LPM_COMPARE_component ;
+------------------------+------------+---------------------------------------------------------------+
; Parameter Name         ; Value      ; Type                                                          ;
+------------------------+------------+---------------------------------------------------------------+
; lpm_width              ; 18         ; Signed Integer                                                ;
; LPM_REPRESENTATION     ; UNSIGNED   ; Untyped                                                       ;
; LPM_PIPELINE           ; 0          ; Untyped                                                       ;
; CHAIN_SIZE             ; 8          ; Untyped                                                       ;
; ONE_INPUT_IS_CONSTANT  ; NO         ; Untyped                                                       ;
; CARRY_CHAIN            ; MANUAL     ; Untyped                                                       ;
; CASCADE_CHAIN          ; MANUAL     ; Untyped                                                       ;
; CARRY_CHAIN_LENGTH     ; 48         ; CARRY_CHAIN_LENGTH                                            ;
; CASCADE_CHAIN_LENGTH   ; 2          ; CASCADE_CHAIN_LENGTH                                          ;
; DEVICE_FAMILY          ; Cyclone II ; Untyped                                                       ;
; CBXI_PARAMETER         ; cmpr_5jg   ; Untyped                                                       ;
; AUTO_CARRY_CHAINS      ; ON         ; AUTO_CARRY                                                    ;
; IGNORE_CARRY_BUFFERS   ; OFF        ; IGNORE_CARRY                                                  ;
; AUTO_CASCADE_CHAINS    ; ON         ; AUTO_CASCADE                                                  ;
; IGNORE_CASCADE_BUFFERS ; OFF        ; IGNORE_CASCADE                                                ;
+------------------------+------------+---------------------------------------------------------------+
Note: In order to hide this table in the UI and the text report file, please set the "Show Parameter Settings in Synthesis Report" option in "Analysis and Synthesis Settings -> More Settings" to "Off".


+----------------------------------------------------------------------------------------------------+
; Parameter Settings for User Entity Instance: lpm_counter4:inst25|lpm_counter:LPM_COUNTER_component ;
+------------------------+-------------+-------------------------------------------------------------+
; Parameter Name         ; Value       ; Type                                                        ;
+------------------------+-------------+-------------------------------------------------------------+
; AUTO_CARRY_CHAINS      ; ON          ; AUTO_CARRY                                                  ;
; IGNORE_CARRY_BUFFERS   ; OFF         ; IGNORE_CARRY                                                ;
; AUTO_CASCADE_CHAINS    ; ON          ; AUTO_CASCADE                                                ;
; IGNORE_CASCADE_BUFFERS ; OFF         ; IGNORE_CASCADE                                              ;
; LPM_WIDTH              ; 18          ; Signed Integer                                              ;
; LPM_DIRECTION          ; UP          ; Untyped                                                     ;
; LPM_MODULUS            ; 0           ; Untyped                                                     ;
; LPM_AVALUE             ; UNUSED      ; Untyped                                                     ;
; LPM_SVALUE             ; UNUSED      ; Untyped                                                     ;
; LPM_PORT_UPDOWN        ; PORT_UNUSED ; Untyped                                                     ;
; DEVICE_FAMILY          ; Cyclone II  ; Untyped                                                     ;
; CARRY_CHAIN            ; MANUAL      ; Untyped                                                     ;
; CARRY_CHAIN_LENGTH     ; 48          ; CARRY_CHAIN_LENGTH                                          ;
; NOT_GATE_PUSH_BACK     ; ON          ; NOT_GATE_PUSH_BACK                                          ;
; CARRY_CNT_EN           ; SMART       ; Untyped                                                     ;
; LABWIDE_SCLR           ; ON          ; Untyped                                                     ;
; USE_NEW_VERSION        ; TRUE        ; Untyped                                                     ;
; CBXI_PARAMETER         ; cntr_4bi    ; Untyped                                                     ;
+------------------------+-------------+-------------------------------------------------------------+
Note: In order to hide this table in the UI and the text report file, please set the "Show Parameter Settings in Synthesis Report" option in "Analysis and Synthesis Settings -> More Settings" to "Off".


+-------------------------------------------------------------------------------------------------------+
; Parameter Settings for User Entity Instance: lpm_constant1:inst31|lpm_constant:LPM_CONSTANT_component ;
+--------------------+------------------+---------------------------------------------------------------+
; Parameter Name     ; Value            ; Type                                                          ;
+--------------------+------------------+---------------------------------------------------------------+
; LPM_WIDTH          ; 18               ; Signed Integer                                                ;
; LPM_CVALUE         ; 54000            ; Signed Integer                                                ;
; ENABLE_RUNTIME_MOD ; NO               ; Untyped                                                       ;
; CBXI_PARAMETER     ; lpm_constant_7p6 ; Untyped                                                       ;
+--------------------+------------------+---------------------------------------------------------------+
Note: In order to hide this table in the UI and the text report file, please set the "Show Parameter Settings in Synthesis Report" option in "Analysis and Synthesis Settings -> More Settings" to "Off".


+-------------------------------+
; Elapsed Time Per Partition    ;
+----------------+--------------+
; Partition Name ; Elapsed Time ;
+----------------+--------------+
; Top            ; 00:00:00     ;
+----------------+--------------+


+-------------------------------+
; Analysis & Synthesis Messages ;
+-------------------------------+
Info: *******************************************************************
Info: Running Quartus II 32-bit Analysis & Synthesis
    Info: Version 13.0.0 Build 156 04/24/2013 SJ Web Edition
    Info: Processing started: Wed Jun 21 16:41:56 2017
Info: Command: quartus_map --read_settings_files=on --write_settings_files=off projetoSD1 -c projetoSD1
Warning (20028): Parallel compilation is not licensed and has been disabled
Info (12021): Found 1 design units, including 1 entities, in source file finalsdatualizado1.bdf
    Info (12023): Found entity 1: finalSDAtualizado1
Info (12021): Found 2 design units, including 1 entities, in source file lpm_counter1.vhd
    Info (12022): Found design unit 1: lpm_counter1-SYN
    Info (12023): Found entity 1: lpm_counter1
Info (12021): Found 2 design units, including 1 entities, in source file lpm_compare3.vhd
    Info (12022): Found design unit 1: lpm_compare3-SYN
    Info (12023): Found entity 1: lpm_compare3
Info (12021): Found 2 design units, including 1 entities, in source file lpm_compare4.vhd
    Info (12022): Found design unit 1: lpm_compare4-SYN
    Info (12023): Found entity 1: lpm_compare4
Info (12021): Found 2 design units, including 1 entities, in source file lpm_compare5.vhd
    Info (12022): Found design unit 1: lpm_compare5-SYN
    Info (12023): Found entity 1: lpm_compare5
Info (12021): Found 2 design units, including 1 entities, in source file lpm_compare6.vhd
    Info (12022): Found design unit 1: lpm_compare6-SYN
    Info (12023): Found entity 1: lpm_compare6
Info (12021): Found 2 design units, including 1 entities, in source file lpm_compare7.vhd
    Info (12022): Found design unit 1: lpm_compare7-SYN
    Info (12023): Found entity 1: lpm_compare7
Info (12021): Found 2 design units, including 1 entities, in source file output_files/lpm_mux0.vhd
    Info (12022): Found design unit 1: lpm_mux0-SYN
    Info (12023): Found entity 1: lpm_mux0
Info (12021): Found 2 design units, including 1 entities, in source file lpm_compare9.vhd
    Info (12022): Found design unit 1: lpm_compare9-SYN
    Info (12023): Found entity 1: lpm_compare9
Info (12021): Found 2 design units, including 1 entities, in source file lpm_counter2.vhd
    Info (12022): Found design unit 1: lpm_counter2-SYN
    Info (12023): Found entity 1: lpm_counter2
Info (12021): Found 2 design units, including 1 entities, in source file output_files/lpm_mux1.vhd
    Info (12022): Found design unit 1: lpm_mux1-SYN
    Info (12023): Found entity 1: lpm_mux1
Info (12021): Found 2 design units, including 1 entities, in source file output_files/lpm_compare0.vhd
    Info (12022): Found design unit 1: lpm_compare0-SYN
    Info (12023): Found entity 1: lpm_compare0
Info (12021): Found 2 design units, including 1 entities, in source file output_files/lpm_constant0.vhd
    Info (12022): Found design unit 1: lpm_constant0-SYN
    Info (12023): Found entity 1: lpm_constant0
Info (12021): Found 2 design units, including 1 entities, in source file output_files/lpm_compare1.vhd
    Info (12022): Found design unit 1: lpm_compare1-SYN
    Info (12023): Found entity 1: lpm_compare1
Info (12021): Found 2 design units, including 1 entities, in source file output_files/lpm_compare2.vhd
    Info (12022): Found design unit 1: lpm_compare2-SYN
    Info (12023): Found entity 1: lpm_compare2
Info (12021): Found 2 design units, including 1 entities, in source file lpm_compare10.vhd
    Info (12022): Found design unit 1: lpm_compare10-SYN
    Info (12023): Found entity 1: lpm_compare10
Info (12021): Found 2 design units, including 1 entities, in source file lpm_compare11.vhd
    Info (12022): Found design unit 1: lpm_compare11-SYN
    Info (12023): Found entity 1: lpm_compare11
Info (12021): Found 2 design units, including 1 entities, in source file lpm_counter3.vhd
    Info (12022): Found design unit 1: lpm_counter3-SYN
    Info (12023): Found entity 1: lpm_counter3
Info (12021): Found 2 design units, including 1 entities, in source file lpm_compare12.vhd
    Info (12022): Found design unit 1: lpm_compare12-SYN
    Info (12023): Found entity 1: lpm_compare12
Info (12021): Found 2 design units, including 1 entities, in source file lpm_counter4.vhd
    Info (12022): Found design unit 1: lpm_counter4-SYN
    Info (12023): Found entity 1: lpm_counter4
Info (12021): Found 2 design units, including 1 entities, in source file lpm_constant1.vhd
    Info (12022): Found design unit 1: lpm_constant1-SYN
    Info (12023): Found entity 1: lpm_constant1
Info (12021): Found 2 design units, including 1 entities, in source file output_files/lpm_mux2.vhd
    Info (12022): Found design unit 1: lpm_mux2-SYN
    Info (12023): Found entity 1: lpm_mux2
Info (12127): Elaborating entity "finalSDAtualizado1" for the top level hierarchy
Info (12128): Elaborating entity "lpm_compare7" for hierarchy "lpm_compare7:inst24"
Info (12128): Elaborating entity "lpm_compare" for hierarchy "lpm_compare7:inst24|lpm_compare:LPM_COMPARE_component"
Info (12130): Elaborated megafunction instantiation "lpm_compare7:inst24|lpm_compare:LPM_COMPARE_component"
Info (12133): Instantiated megafunction "lpm_compare7:inst24|lpm_compare:LPM_COMPARE_component" with the following parameter:
    Info (12134): Parameter "lpm_hint" = "ONE_INPUT_IS_CONSTANT=YES"
    Info (12134): Parameter "lpm_representation" = "UNSIGNED"
    Info (12134): Parameter "lpm_type" = "LPM_COMPARE"
    Info (12134): Parameter "lpm_width" = "18"
Info (12021): Found 1 design units, including 1 entities, in source file db/cmpr_ccj.tdf
    Info (12023): Found entity 1: cmpr_ccj
Info (12128): Elaborating entity "cmpr_ccj" for hierarchy "lpm_compare7:inst24|lpm_compare:LPM_COMPARE_component|cmpr_ccj:auto_generated"
Info (12128): Elaborating entity "lpm_counter1" for hierarchy "lpm_counter1:inst4"
Info (12128): Elaborating entity "lpm_counter" for hierarchy "lpm_counter1:inst4|lpm_counter:LPM_COUNTER_component"
Info (12130): Elaborated megafunction instantiation "lpm_counter1:inst4|lpm_counter:LPM_COUNTER_component"
Info (12133): Instantiated megafunction "lpm_counter1:inst4|lpm_counter:LPM_COUNTER_component" with the following parameter:
    Info (12134): Parameter "lpm_direction" = "UP"
    Info (12134): Parameter "lpm_port_updown" = "PORT_UNUSED"
    Info (12134): Parameter "lpm_type" = "LPM_COUNTER"
    Info (12134): Parameter "lpm_width" = "18"
Info (12021): Found 1 design units, including 1 entities, in source file db/cntr_dmh.tdf
    Info (12023): Found entity 1: cntr_dmh
Info (12128): Elaborating entity "cntr_dmh" for hierarchy "lpm_counter1:inst4|lpm_counter:LPM_COUNTER_component|cntr_dmh:auto_generated"
Info (12128): Elaborating entity "lpm_compare10" for hierarchy "lpm_compare10:inst3"
Info (12128): Elaborating entity "lpm_compare" for hierarchy "lpm_compare10:inst3|lpm_compare:LPM_COMPARE_component"
Info (12130): Elaborated megafunction instantiation "lpm_compare10:inst3|lpm_compare:LPM_COMPARE_component"
Info (12133): Instantiated megafunction "lpm_compare10:inst3|lpm_compare:LPM_COMPARE_component" with the following parameter:
    Info (12134): Parameter "lpm_hint" = "ONE_INPUT_IS_CONSTANT=YES"
    Info (12134): Parameter "lpm_representation" = "UNSIGNED"
    Info (12134): Parameter "lpm_type" = "LPM_COMPARE"
    Info (12134): Parameter "lpm_width" = "18"
Info (12021): Found 1 design units, including 1 entities, in source file db/cmpr_c9j.tdf
    Info (12023): Found entity 1: cmpr_c9j
Info (12128): Elaborating entity "cmpr_c9j" for hierarchy "lpm_compare10:inst3|lpm_compare:LPM_COMPARE_component|cmpr_c9j:auto_generated"
Info (12128): Elaborating entity "lpm_counter3" for hierarchy "lpm_counter3:inst"
Info (12128): Elaborating entity "lpm_counter" for hierarchy "lpm_counter3:inst|lpm_counter:LPM_COUNTER_component"
Info (12130): Elaborated megafunction instantiation "lpm_counter3:inst|lpm_counter:LPM_COUNTER_component"
Info (12133): Instantiated megafunction "lpm_counter3:inst|lpm_counter:LPM_COUNTER_component" with the following parameter:
    Info (12134): Parameter "lpm_direction" = "UP"
    Info (12134): Parameter "lpm_modulus" = "50000"
    Info (12134): Parameter "lpm_port_updown" = "PORT_UNUSED"
    Info (12134): Parameter "lpm_type" = "LPM_COUNTER"
    Info (12134): Parameter "lpm_width" = "18"
Info (12021): Found 1 design units, including 1 entities, in source file db/cntr_4lj.tdf
    Info (12023): Found entity 1: cntr_4lj
Info (12128): Elaborating entity "cntr_4lj" for hierarchy "lpm_counter3:inst|lpm_counter:LPM_COUNTER_component|cntr_4lj:auto_generated"
Info (12021): Found 1 design units, including 1 entities, in source file db/cmpr_tdc.tdf
    Info (12023): Found entity 1: cmpr_tdc
Info (12128): Elaborating entity "cmpr_tdc" for hierarchy "lpm_counter3:inst|lpm_counter:LPM_COUNTER_component|cntr_4lj:auto_generated|cmpr_tdc:cmpr2"
Info (12128): Elaborating entity "lpm_compare11" for hierarchy "lpm_compare11:inst7"
Info (12128): Elaborating entity "lpm_compare" for hierarchy "lpm_compare11:inst7|lpm_compare:LPM_COMPARE_component"
Info (12130): Elaborated megafunction instantiation "lpm_compare11:inst7|lpm_compare:LPM_COMPARE_component"
Info (12133): Instantiated megafunction "lpm_compare11:inst7|lpm_compare:LPM_COMPARE_component" with the following parameter:
    Info (12134): Parameter "lpm_hint" = "ONE_INPUT_IS_CONSTANT=YES"
    Info (12134): Parameter "lpm_representation" = "UNSIGNED"
    Info (12134): Parameter "lpm_type" = "LPM_COMPARE"
    Info (12134): Parameter "lpm_width" = "18"
Info (12021): Found 1 design units, including 1 entities, in source file db/cmpr_hcj.tdf
    Info (12023): Found entity 1: cmpr_hcj
Info (12128): Elaborating entity "cmpr_hcj" for hierarchy "lpm_compare11:inst7|lpm_compare:LPM_COMPARE_component|cmpr_hcj:auto_generated"
Info (12128): Elaborating entity "lpm_compare3" for hierarchy "lpm_compare3:inst8"
Info (12128): Elaborating entity "lpm_compare" for hierarchy "lpm_compare3:inst8|lpm_compare:LPM_COMPARE_component"
Info (12130): Elaborated megafunction instantiation "lpm_compare3:inst8|lpm_compare:LPM_COMPARE_component"
Info (12133): Instantiated megafunction "lpm_compare3:inst8|lpm_compare:LPM_COMPARE_component" with the following parameter:
    Info (12134): Parameter "lpm_hint" = "ONE_INPUT_IS_CONSTANT=YES"
    Info (12134): Parameter "lpm_representation" = "UNSIGNED"
    Info (12134): Parameter "lpm_type" = "LPM_COMPARE"
    Info (12134): Parameter "lpm_width" = "18"
Info (12128): Elaborating entity "lpm_compare4" for hierarchy "lpm_compare4:inst9"
Info (12128): Elaborating entity "lpm_compare" for hierarchy "lpm_compare4:inst9|lpm_compare:LPM_COMPARE_component"
Info (12130): Elaborated megafunction instantiation "lpm_compare4:inst9|lpm_compare:LPM_COMPARE_component"
Info (12133): Instantiated megafunction "lpm_compare4:inst9|lpm_compare:LPM_COMPARE_component" with the following parameter:
    Info (12134): Parameter "lpm_hint" = "ONE_INPUT_IS_CONSTANT=YES"
    Info (12134): Parameter "lpm_representation" = "UNSIGNED"
    Info (12134): Parameter "lpm_type" = "LPM_COMPARE"
    Info (12134): Parameter "lpm_width" = "18"
Info (12128): Elaborating entity "lpm_compare5" for hierarchy "lpm_compare5:inst22"
Info (12128): Elaborating entity "lpm_compare" for hierarchy "lpm_compare5:inst22|lpm_compare:LPM_COMPARE_component"
Info (12130): Elaborated megafunction instantiation "lpm_compare5:inst22|lpm_compare:LPM_COMPARE_component"
Info (12133): Instantiated megafunction "lpm_compare5:inst22|lpm_compare:LPM_COMPARE_component" with the following parameter:
    Info (12134): Parameter "lpm_hint" = "ONE_INPUT_IS_CONSTANT=YES"
    Info (12134): Parameter "lpm_representation" = "UNSIGNED"
    Info (12134): Parameter "lpm_type" = "LPM_COMPARE"
    Info (12134): Parameter "lpm_width" = "18"
Info (12128): Elaborating entity "lpm_compare6" for hierarchy "lpm_compare6:inst23"
Info (12128): Elaborating entity "lpm_compare" for hierarchy "lpm_compare6:inst23|lpm_compare:LPM_COMPARE_component"
Info (12130): Elaborated megafunction instantiation "lpm_compare6:inst23|lpm_compare:LPM_COMPARE_component"
Info (12133): Instantiated megafunction "lpm_compare6:inst23|lpm_compare:LPM_COMPARE_component" with the following parameter:
    Info (12134): Parameter "lpm_hint" = "ONE_INPUT_IS_CONSTANT=YES"
    Info (12134): Parameter "lpm_representation" = "UNSIGNED"
    Info (12134): Parameter "lpm_type" = "LPM_COMPARE"
    Info (12134): Parameter "lpm_width" = "18"
Info (12128): Elaborating entity "lpm_mux2" for hierarchy "lpm_mux2:inst32"
Info (12128): Elaborating entity "LPM_MUX" for hierarchy "lpm_mux2:inst32|LPM_MUX:LPM_MUX_component"
Info (12130): Elaborated megafunction instantiation "lpm_mux2:inst32|LPM_MUX:LPM_MUX_component"
Info (12133): Instantiated megafunction "lpm_mux2:inst32|LPM_MUX:LPM_MUX_component" with the following parameter:
    Info (12134): Parameter "LPM_WIDTH" = "1"
    Info (12134): Parameter "LPM_SIZE" = "2"
    Info (12134): Parameter "LPM_WIDTHS" = "1"
    Info (12134): Parameter "LPM_PIPELINE" = "0"
    Info (12134): Parameter "LPM_TYPE" = "LPM_MUX"
    Info (12134): Parameter "LPM_HINT" = "UNUSED"
Info (12021): Found 1 design units, including 1 entities, in source file db/mux_03e.tdf
    Info (12023): Found entity 1: mux_03e
Info (12128): Elaborating entity "mux_03e" for hierarchy "lpm_mux2:inst32|LPM_MUX:LPM_MUX_component|mux_03e:auto_generated"
Warning (12125): Using design file lpm_compare8.vhd, which is not specified as a design file for the current project, but contains definitions for 2 design units and 1 entities in project
    Info (12022): Found design unit 1: lpm_compare8-SYN
    Info (12023): Found entity 1: lpm_compare8
Info (12128): Elaborating entity "lpm_compare8" for hierarchy "lpm_compare8:inst11"
Info (12128): Elaborating entity "lpm_compare" for hierarchy "lpm_compare8:inst11|lpm_compare:LPM_COMPARE_component"
Info (12130): Elaborated megafunction instantiation "lpm_compare8:inst11|lpm_compare:LPM_COMPARE_component"
Info (12133): Instantiated megafunction "lpm_compare8:inst11|lpm_compare:LPM_COMPARE_component" with the following parameter:
    Info (12134): Parameter "lpm_representation" = "UNSIGNED"
    Info (12134): Parameter "lpm_type" = "LPM_COMPARE"
    Info (12134): Parameter "lpm_width" = "18"
Info (12021): Found 1 design units, including 1 entities, in source file db/cmpr_5jg.tdf
    Info (12023): Found entity 1: cmpr_5jg
Info (12128): Elaborating entity "cmpr_5jg" for hierarchy "lpm_compare8:inst11|lpm_compare:LPM_COMPARE_component|cmpr_5jg:auto_generated"
Info (12128): Elaborating entity "lpm_counter2" for hierarchy "lpm_counter2:inst28"
Info (12128): Elaborating entity "lpm_counter" for hierarchy "lpm_counter2:inst28|lpm_counter:LPM_COUNTER_component"
Info (12130): Elaborated megafunction instantiation "lpm_counter2:inst28|lpm_counter:LPM_COUNTER_component"
Info (12133): Instantiated megafunction "lpm_counter2:inst28|lpm_counter:LPM_COUNTER_component" with the following parameter:
    Info (12134): Parameter "lpm_direction" = "UP"
    Info (12134): Parameter "lpm_port_updown" = "PORT_UNUSED"
    Info (12134): Parameter "lpm_type" = "LPM_COUNTER"
    Info (12134): Parameter "lpm_width" = "18"
Info (12021): Found 1 design units, including 1 entities, in source file db/cntr_4bi.tdf
    Info (12023): Found entity 1: cntr_4bi
Info (12128): Elaborating entity "cntr_4bi" for hierarchy "lpm_counter2:inst28|lpm_counter:LPM_COUNTER_component|cntr_4bi:auto_generated"
Info (12128): Elaborating entity "lpm_compare12" for hierarchy "lpm_compare12:inst19"
Info (12128): Elaborating entity "lpm_counter4" for hierarchy "lpm_counter4:inst25"
Info (12128): Elaborating entity "lpm_constant1" for hierarchy "lpm_constant1:inst31"
Info (12128): Elaborating entity "lpm_constant" for hierarchy "lpm_constant1:inst31|lpm_constant:LPM_CONSTANT_component"
Info (12130): Elaborated megafunction instantiation "lpm_constant1:inst31|lpm_constant:LPM_CONSTANT_component"
Info (12133): Instantiated megafunction "lpm_constant1:inst31|lpm_constant:LPM_CONSTANT_component" with the following parameter:
    Info (12134): Parameter "lpm_cvalue" = "54000"
    Info (12134): Parameter "lpm_hint" = "ENABLE_RUNTIME_MOD=NO"
    Info (12134): Parameter "lpm_type" = "LPM_CONSTANT"
    Info (12134): Parameter "lpm_width" = "18"
Warning (14026): LATCH primitive "inst30" is permanently enabled
Warning (14026): LATCH primitive "inst29" is permanently enabled
Warning (13024): Output pins are stuck at VCC or GND
    Warning (13410): Pin "gnd" is stuck at GND
Info (16010): Generating hard_block partition "hard_block:auto_generated_inst"
    Info (16011): Adding 0 node(s), including 0 DDIO, 0 PLL, 0 transceiver and 0 LCELL
Info (21057): Implemented 157 device resources after synthesis - the final resource count might be different
    Info (21058): Implemented 2 input pins
    Info (21059): Implemented 9 output pins
    Info (21061): Implemented 146 logic cells
Info: Quartus II 32-bit Analysis & Synthesis was successful. 0 errors, 6 warnings
    Info: Peak virtual memory: 401 megabytes
    Info: Processing ended: Wed Jun 21 16:42:00 2017
    Info: Elapsed time: 00:00:04
    Info: Total CPU time (on all processors): 00:00:04


