Flow report for projetoSD1
Fri Jun 23 17:16:53 2017
Quartus II 32-bit Version 13.0.0 Build 156 04/24/2013 SJ Web Edition


---------------------
; Table of Contents ;
---------------------
  1. Legal Notice
  2. Flow Summary
  3. Flow Settings
  4. Flow Non-Default Global Settings
  5. Flow Elapsed Time
  6. Flow OS Summary
  7. Flow Log
  8. Flow Messages
  9. Flow Suppressed Messages



----------------
; Legal Notice ;
----------------
Copyright (C) 1991-2013 Altera Corporation
Your use of Altera Corporation's design tools, logic functions 
and other software and tools, and its AMPP partner logic 
functions, and any output files from any of the foregoing 
(including device programming or simulation files), and any 
associated documentation or information are expressly subject 
to the terms and conditions of the Altera Program License 
Subscription Agreement, Altera MegaCore Function License 
Agreement, or other applicable license agreement, including, 
without limitation, that your use is for the sole purpose of 
programming logic devices manufactured by Altera and sold by 
Altera or its authorized distributors.  Please refer to the 
applicable agreement for further details.



+---------------------------------------------------------------------------------+
; Flow Summary                                                                    ;
+------------------------------------+--------------------------------------------+
; Flow Status                        ; Successful - Fri Jun 23 17:16:53 2017      ;
; Quartus II 32-bit Version          ; 13.0.0 Build 156 04/24/2013 SJ Web Edition ;
; Revision Name                      ; projetoSD1                                 ;
; Top-level Entity Name              ; finalSDAtualizado1                         ;
; Family                             ; Cyclone II                                 ;
; Device                             ; EP2C35F672C6                               ;
; Timing Models                      ; Final                                      ;
; Total logic elements               ; 502 / 33,216 ( 2 % )                       ;
;     Total combinational functions  ; 502 / 33,216 ( 2 % )                       ;
;     Dedicated logic registers      ; 164 / 33,216 ( < 1 % )                     ;
; Total registers                    ; 164                                        ;
; Total pins                         ; 13 / 475 ( 3 % )                           ;
; Total virtual pins                 ; 0                                          ;
; Total memory bits                  ; 0 / 483,840 ( 0 % )                        ;
; Embedded Multiplier 9-bit elements ; 4 / 70 ( 6 % )                             ;
; Total PLLs                         ; 0 / 4 ( 0 % )                              ;
+------------------------------------+--------------------------------------------+


+-----------------------------------------+
; Flow Settings                           ;
+-------------------+---------------------+
; Option            ; Setting             ;
+-------------------+---------------------+
; Start date & time ; 06/23/2017 17:16:25 ;
; Main task         ; Compilation         ;
; Revision Name     ; projetoSD1          ;
+-------------------+---------------------+


+-----------------------------------------------------------------------------------------------------------------------------------+
; Flow Non-Default Global Settings                                                                                                  ;
+-------------------------------------+---------------------------------------+---------------+--------------------+----------------+
; Assignment Name                     ; Value                                 ; Default Value ; Entity Name        ; Section Id     ;
+-------------------------------------+---------------------------------------+---------------+--------------------+----------------+
; COMPILER_SIGNATURE_ID               ; 48549633040080.149824898501352        ; --            ; --                 ; --             ;
; EDA_OUTPUT_DATA_FORMAT              ; Vhdl                                  ; --            ; --                 ; eda_simulation ;
; EDA_SIMULATION_TOOL                 ; ModelSim-Altera (VHDL)                ; <None>        ; --                 ; --             ;
; IP_TOOL_NAME                        ; LPM_COUNTER                           ; --            ; --                 ; --             ;
; IP_TOOL_NAME                        ; LPM_COMPARE                           ; --            ; --                 ; --             ;
; IP_TOOL_NAME                        ; LPM_COMPARE                           ; --            ; --                 ; --             ;
; IP_TOOL_NAME                        ; LPM_COMPARE                           ; --            ; --                 ; --             ;
; IP_TOOL_NAME                        ; LPM_COMPARE                           ; --            ; --                 ; --             ;
; IP_TOOL_NAME                        ; LPM_COMPARE                           ; --            ; --                 ; --             ;
; IP_TOOL_NAME                        ; LPM_COMPARE                           ; --            ; --                 ; --             ;
; IP_TOOL_NAME                        ; LPM_COUNTER                           ; --            ; --                 ; --             ;
; IP_TOOL_NAME                        ; LPM_COMPARE                           ; --            ; --                 ; --             ;
; IP_TOOL_NAME                        ; LPM_CONSTANT                          ; --            ; --                 ; --             ;
; IP_TOOL_NAME                        ; LPM_COMPARE                           ; --            ; --                 ; --             ;
; IP_TOOL_NAME                        ; LPM_COMPARE                           ; --            ; --                 ; --             ;
; IP_TOOL_NAME                        ; LPM_COMPARE                           ; --            ; --                 ; --             ;
; IP_TOOL_NAME                        ; LPM_COMPARE                           ; --            ; --                 ; --             ;
; IP_TOOL_NAME                        ; LPM_COUNTER                           ; --            ; --                 ; --             ;
; IP_TOOL_NAME                        ; LPM_COMPARE                           ; --            ; --                 ; --             ;
; IP_TOOL_NAME                        ; LPM_COUNTER                           ; --            ; --                 ; --             ;
; IP_TOOL_NAME                        ; LPM_CONSTANT                          ; --            ; --                 ; --             ;
; IP_TOOL_NAME                        ; LPM_COMPARE                           ; --            ; --                 ; --             ;
; IP_TOOL_NAME                        ; LPM_COUNTER                           ; --            ; --                 ; --             ;
; IP_TOOL_NAME                        ; LPM_COMPARE                           ; --            ; --                 ; --             ;
; IP_TOOL_NAME                        ; LPM_COUNTER                           ; --            ; --                 ; --             ;
; IP_TOOL_NAME                        ; LPM_COMPARE                           ; --            ; --                 ; --             ;
; IP_TOOL_NAME                        ; LPM_COUNTER                           ; --            ; --                 ; --             ;
; IP_TOOL_NAME                        ; LPM_MUX                               ; --            ; --                 ; --             ;
; IP_TOOL_NAME                        ; LPM_DECODE                            ; --            ; --                 ; --             ;
; IP_TOOL_NAME                        ; LPM_CONSTANT                          ; --            ; --                 ; --             ;
; IP_TOOL_NAME                        ; LPM_ADD_SUB                           ; --            ; --                 ; --             ;
; IP_TOOL_NAME                        ; LPM_ADD_SUB                           ; --            ; --                 ; --             ;
; IP_TOOL_NAME                        ; LPM_ADD_SUB                           ; --            ; --                 ; --             ;
; IP_TOOL_NAME                        ; LPM_ADD_SUB                           ; --            ; --                 ; --             ;
; IP_TOOL_NAME                        ; LPM_COUNTER                           ; --            ; --                 ; --             ;
; IP_TOOL_NAME                        ; LPM_MULT                              ; --            ; --                 ; --             ;
; IP_TOOL_NAME                        ; LPM_ADD_SUB                           ; --            ; --                 ; --             ;
; IP_TOOL_NAME                        ; LPM_ADD_SUB                           ; --            ; --                 ; --             ;
; IP_TOOL_NAME                        ; LPM_ADD_SUB                           ; --            ; --                 ; --             ;
; IP_TOOL_NAME                        ; LPM_ADD_SUB                           ; --            ; --                 ; --             ;
; IP_TOOL_NAME                        ; LPM_MULT                              ; --            ; --                 ; --             ;
; IP_TOOL_NAME                        ; LPM_MULT                              ; --            ; --                 ; --             ;
; IP_TOOL_NAME                        ; LPM_MUX                               ; --            ; --                 ; --             ;
; IP_TOOL_NAME                        ; LPM_CONSTANT                          ; --            ; --                 ; --             ;
; IP_TOOL_NAME                        ; LPM_COUNTER                           ; --            ; --                 ; --             ;
; IP_TOOL_NAME                        ; LPM_MULT                              ; --            ; --                 ; --             ;
; IP_TOOL_NAME                        ; LPM_ADD_SUB                           ; --            ; --                 ; --             ;
; IP_TOOL_NAME                        ; LPM_ADD_SUB                           ; --            ; --                 ; --             ;
; IP_TOOL_NAME                        ; LPM_ADD_SUB                           ; --            ; --                 ; --             ;
; IP_TOOL_NAME                        ; LPM_ADD_SUB                           ; --            ; --                 ; --             ;
; IP_TOOL_NAME                        ; LPM_ADD_SUB                           ; --            ; --                 ; --             ;
; IP_TOOL_VERSION                     ; 13.0                                  ; --            ; --                 ; --             ;
; IP_TOOL_VERSION                     ; 13.0                                  ; --            ; --                 ; --             ;
; IP_TOOL_VERSION                     ; 13.0                                  ; --            ; --                 ; --             ;
; IP_TOOL_VERSION                     ; 13.0                                  ; --            ; --                 ; --             ;
; IP_TOOL_VERSION                     ; 13.0                                  ; --            ; --                 ; --             ;
; IP_TOOL_VERSION                     ; 13.0                                  ; --            ; --                 ; --             ;
; IP_TOOL_VERSION                     ; 13.0                                  ; --            ; --                 ; --             ;
; IP_TOOL_VERSION                     ; 13.0                                  ; --            ; --                 ; --             ;
; IP_TOOL_VERSION                     ; 13.0                                  ; --            ; --                 ; --             ;
; IP_TOOL_VERSION                     ; 13.0                                  ; --            ; --                 ; --             ;
; IP_TOOL_VERSION                     ; 13.0                                  ; --            ; --                 ; --             ;
; IP_TOOL_VERSION                     ; 13.0                                  ; --            ; --                 ; --             ;
; IP_TOOL_VERSION                     ; 13.0                                  ; --            ; --                 ; --             ;
; IP_TOOL_VERSION                     ; 13.0                                  ; --            ; --                 ; --             ;
; IP_TOOL_VERSION                     ; 13.0                                  ; --            ; --                 ; --             ;
; IP_TOOL_VERSION                     ; 13.0                                  ; --            ; --                 ; --             ;
; IP_TOOL_VERSION                     ; 13.0                                  ; --            ; --                 ; --             ;
; IP_TOOL_VERSION                     ; 13.0                                  ; --            ; --                 ; --             ;
; IP_TOOL_VERSION                     ; 13.0                                  ; --            ; --                 ; --             ;
; IP_TOOL_VERSION                     ; 13.0                                  ; --            ; --                 ; --             ;
; IP_TOOL_VERSION                     ; 13.0                                  ; --            ; --                 ; --             ;
; IP_TOOL_VERSION                     ; 13.0                                  ; --            ; --                 ; --             ;
; IP_TOOL_VERSION                     ; 13.0                                  ; --            ; --                 ; --             ;
; IP_TOOL_VERSION                     ; 13.0                                  ; --            ; --                 ; --             ;
; IP_TOOL_VERSION                     ; 13.0                                  ; --            ; --                 ; --             ;
; IP_TOOL_VERSION                     ; 13.0                                  ; --            ; --                 ; --             ;
; IP_TOOL_VERSION                     ; 13.0                                  ; --            ; --                 ; --             ;
; IP_TOOL_VERSION                     ; 13.0                                  ; --            ; --                 ; --             ;
; IP_TOOL_VERSION                     ; 13.0                                  ; --            ; --                 ; --             ;
; IP_TOOL_VERSION                     ; 13.0                                  ; --            ; --                 ; --             ;
; IP_TOOL_VERSION                     ; 13.0                                  ; --            ; --                 ; --             ;
; IP_TOOL_VERSION                     ; 13.0                                  ; --            ; --                 ; --             ;
; IP_TOOL_VERSION                     ; 13.0                                  ; --            ; --                 ; --             ;
; IP_TOOL_VERSION                     ; 13.0                                  ; --            ; --                 ; --             ;
; IP_TOOL_VERSION                     ; 13.0                                  ; --            ; --                 ; --             ;
; IP_TOOL_VERSION                     ; 13.0                                  ; --            ; --                 ; --             ;
; IP_TOOL_VERSION                     ; 13.0                                  ; --            ; --                 ; --             ;
; IP_TOOL_VERSION                     ; 13.0                                  ; --            ; --                 ; --             ;
; IP_TOOL_VERSION                     ; 13.0                                  ; --            ; --                 ; --             ;
; IP_TOOL_VERSION                     ; 13.0                                  ; --            ; --                 ; --             ;
; IP_TOOL_VERSION                     ; 13.0                                  ; --            ; --                 ; --             ;
; IP_TOOL_VERSION                     ; 13.0                                  ; --            ; --                 ; --             ;
; IP_TOOL_VERSION                     ; 13.0                                  ; --            ; --                 ; --             ;
; IP_TOOL_VERSION                     ; 13.0                                  ; --            ; --                 ; --             ;
; IP_TOOL_VERSION                     ; 13.0                                  ; --            ; --                 ; --             ;
; IP_TOOL_VERSION                     ; 13.0                                  ; --            ; --                 ; --             ;
; IP_TOOL_VERSION                     ; 13.0                                  ; --            ; --                 ; --             ;
; IP_TOOL_VERSION                     ; 13.0                                  ; --            ; --                 ; --             ;
; MAX_CORE_JUNCTION_TEMP              ; 85                                    ; --            ; --                 ; --             ;
; MIN_CORE_JUNCTION_TEMP              ; 0                                     ; --            ; --                 ; --             ;
; MISC_FILE                           ; lpm_counter1.bsf                      ; --            ; --                 ; --             ;
; MISC_FILE                           ; lpm_counter1.cmp                      ; --            ; --                 ; --             ;
; MISC_FILE                           ; lpm_compare3.bsf                      ; --            ; --                 ; --             ;
; MISC_FILE                           ; lpm_compare3.cmp                      ; --            ; --                 ; --             ;
; MISC_FILE                           ; lpm_compare4.bsf                      ; --            ; --                 ; --             ;
; MISC_FILE                           ; lpm_compare4.cmp                      ; --            ; --                 ; --             ;
; MISC_FILE                           ; lpm_compare5.bsf                      ; --            ; --                 ; --             ;
; MISC_FILE                           ; lpm_compare5.cmp                      ; --            ; --                 ; --             ;
; MISC_FILE                           ; lpm_compare6.bsf                      ; --            ; --                 ; --             ;
; MISC_FILE                           ; lpm_compare6.cmp                      ; --            ; --                 ; --             ;
; MISC_FILE                           ; lpm_compare7.bsf                      ; --            ; --                 ; --             ;
; MISC_FILE                           ; lpm_compare7.cmp                      ; --            ; --                 ; --             ;
; MISC_FILE                           ; lpm_compare9.bsf                      ; --            ; --                 ; --             ;
; MISC_FILE                           ; lpm_compare9.cmp                      ; --            ; --                 ; --             ;
; MISC_FILE                           ; lpm_counter2.bsf                      ; --            ; --                 ; --             ;
; MISC_FILE                           ; lpm_counter2.cmp                      ; --            ; --                 ; --             ;
; MISC_FILE                           ; output_files/lpm_compare0.bsf         ; --            ; --                 ; --             ;
; MISC_FILE                           ; output_files/lpm_compare0.cmp         ; --            ; --                 ; --             ;
; MISC_FILE                           ; output_files/lpm_constant0.bsf        ; --            ; --                 ; --             ;
; MISC_FILE                           ; output_files/lpm_constant0.cmp        ; --            ; --                 ; --             ;
; MISC_FILE                           ; output_files/lpm_compare1.bsf         ; --            ; --                 ; --             ;
; MISC_FILE                           ; output_files/lpm_compare1.cmp         ; --            ; --                 ; --             ;
; MISC_FILE                           ; output_files/lpm_compare2.bsf         ; --            ; --                 ; --             ;
; MISC_FILE                           ; output_files/lpm_compare2.cmp         ; --            ; --                 ; --             ;
; MISC_FILE                           ; lpm_compare10.bsf                     ; --            ; --                 ; --             ;
; MISC_FILE                           ; lpm_compare10.cmp                     ; --            ; --                 ; --             ;
; MISC_FILE                           ; lpm_compare11.bsf                     ; --            ; --                 ; --             ;
; MISC_FILE                           ; lpm_compare11.cmp                     ; --            ; --                 ; --             ;
; MISC_FILE                           ; lpm_counter3.bsf                      ; --            ; --                 ; --             ;
; MISC_FILE                           ; lpm_counter3.cmp                      ; --            ; --                 ; --             ;
; MISC_FILE                           ; lpm_compare12.bsf                     ; --            ; --                 ; --             ;
; MISC_FILE                           ; lpm_compare12.cmp                     ; --            ; --                 ; --             ;
; MISC_FILE                           ; lpm_counter4.bsf                      ; --            ; --                 ; --             ;
; MISC_FILE                           ; lpm_counter4.cmp                      ; --            ; --                 ; --             ;
; MISC_FILE                           ; lpm_constant1.bsf                     ; --            ; --                 ; --             ;
; MISC_FILE                           ; lpm_constant1.cmp                     ; --            ; --                 ; --             ;
; MISC_FILE                           ; lpm_compare13.bsf                     ; --            ; --                 ; --             ;
; MISC_FILE                           ; lpm_compare13.cmp                     ; --            ; --                 ; --             ;
; MISC_FILE                           ; lpm_counter5.bsf                      ; --            ; --                 ; --             ;
; MISC_FILE                           ; lpm_counter5.cmp                      ; --            ; --                 ; --             ;
; MISC_FILE                           ; lpm_compare14.bsf                     ; --            ; --                 ; --             ;
; MISC_FILE                           ; lpm_compare14.cmp                     ; --            ; --                 ; --             ;
; MISC_FILE                           ; lpm_counter6.bsf                      ; --            ; --                 ; --             ;
; MISC_FILE                           ; lpm_counter6.cmp                      ; --            ; --                 ; --             ;
; MISC_FILE                           ; lpm_compare15.bsf                     ; --            ; --                 ; --             ;
; MISC_FILE                           ; lpm_compare15.cmp                     ; --            ; --                 ; --             ;
; MISC_FILE                           ; lpm_counter7.bsf                      ; --            ; --                 ; --             ;
; MISC_FILE                           ; lpm_counter7.cmp                      ; --            ; --                 ; --             ;
; MISC_FILE                           ; lpm_mux3.bsf                          ; --            ; --                 ; --             ;
; MISC_FILE                           ; lpm_mux3.cmp                          ; --            ; --                 ; --             ;
; MISC_FILE                           ; lpm_decode0.bsf                       ; --            ; --                 ; --             ;
; MISC_FILE                           ; lpm_decode0.cmp                       ; --            ; --                 ; --             ;
; MISC_FILE                           ; lpm_constant2.bsf                     ; --            ; --                 ; --             ;
; MISC_FILE                           ; lpm_constant2.cmp                     ; --            ; --                 ; --             ;
; MISC_FILE                           ; output_files/lpm_add_sub0.bsf         ; --            ; --                 ; --             ;
; MISC_FILE                           ; output_files/lpm_add_sub0.cmp         ; --            ; --                 ; --             ;
; MISC_FILE                           ; output_files/lpm_add_sub2.bsf         ; --            ; --                 ; --             ;
; MISC_FILE                           ; output_files/lpm_add_sub2.cmp         ; --            ; --                 ; --             ;
; MISC_FILE                           ; output_files/lpm_add_sub3.bsf         ; --            ; --                 ; --             ;
; MISC_FILE                           ; output_files/lpm_add_sub3.cmp         ; --            ; --                 ; --             ;
; MISC_FILE                           ; output_files/lpm_add_sub5.bsf         ; --            ; --                 ; --             ;
; MISC_FILE                           ; output_files/lpm_add_sub5.cmp         ; --            ; --                 ; --             ;
; MISC_FILE                           ; output_files/lpm_counter28.bsf        ; --            ; --                 ; --             ;
; MISC_FILE                           ; output_files/lpm_counter28.cmp        ; --            ; --                 ; --             ;
; MISC_FILE                           ; output_files/lpm_mult0.bsf            ; --            ; --                 ; --             ;
; MISC_FILE                           ; output_files/lpm_mult0.cmp            ; --            ; --                 ; --             ;
; MISC_FILE                           ; output_files/lpm_add_sub6.bsf         ; --            ; --                 ; --             ;
; MISC_FILE                           ; output_files/lpm_add_sub6.cmp         ; --            ; --                 ; --             ;
; MISC_FILE                           ; output_files/lpm_add_sub7.bsf         ; --            ; --                 ; --             ;
; MISC_FILE                           ; output_files/lpm_add_sub7.cmp         ; --            ; --                 ; --             ;
; MISC_FILE                           ; output_files/lpm_add_sub8.bsf         ; --            ; --                 ; --             ;
; MISC_FILE                           ; output_files/lpm_add_sub8.cmp         ; --            ; --                 ; --             ;
; MISC_FILE                           ; output_files/lpm_add_sub9.bsf         ; --            ; --                 ; --             ;
; MISC_FILE                           ; output_files/lpm_add_sub9.cmp         ; --            ; --                 ; --             ;
; MISC_FILE                           ; output_files/lpm_mult1.bsf            ; --            ; --                 ; --             ;
; MISC_FILE                           ; output_files/lpm_mult1.cmp            ; --            ; --                 ; --             ;
; MISC_FILE                           ; output_files/lpm_mult2.bsf            ; --            ; --                 ; --             ;
; MISC_FILE                           ; output_files/lpm_mult2.cmp            ; --            ; --                 ; --             ;
; MISC_FILE                           ; lpm_mux4.bsf                          ; --            ; --                 ; --             ;
; MISC_FILE                           ; lpm_mux4.cmp                          ; --            ; --                 ; --             ;
; MISC_FILE                           ; lpm_constant3.bsf                     ; --            ; --                 ; --             ;
; MISC_FILE                           ; lpm_constant3.cmp                     ; --            ; --                 ; --             ;
; MISC_FILE                           ; output_files/lpm_counter29.bsf        ; --            ; --                 ; --             ;
; MISC_FILE                           ; output_files/lpm_counter29.cmp        ; --            ; --                 ; --             ;
; MISC_FILE                           ; output_files/lpm_mult3.bsf            ; --            ; --                 ; --             ;
; MISC_FILE                           ; output_files/lpm_mult3.cmp            ; --            ; --                 ; --             ;
; MISC_FILE                           ; output_files/lpm_add_sub10.bsf        ; --            ; --                 ; --             ;
; MISC_FILE                           ; output_files/lpm_add_sub10.cmp        ; --            ; --                 ; --             ;
; MISC_FILE                           ; output_files/lpm_add_sub11.bsf        ; --            ; --                 ; --             ;
; MISC_FILE                           ; output_files/lpm_add_sub11.cmp        ; --            ; --                 ; --             ;
; MISC_FILE                           ; output_files/lpm_add_sub12.bsf        ; --            ; --                 ; --             ;
; MISC_FILE                           ; output_files/lpm_add_sub12.cmp        ; --            ; --                 ; --             ;
; MISC_FILE                           ; output_files/lpm_add_sub13.bsf        ; --            ; --                 ; --             ;
; MISC_FILE                           ; output_files/lpm_add_sub13.cmp        ; --            ; --                 ; --             ;
; MISC_FILE                           ; output_files/lpm_add_sub14.bsf        ; --            ; --                 ; --             ;
; MISC_FILE                           ; output_files/lpm_add_sub14.cmp        ; --            ; --                 ; --             ;
; PARTITION_COLOR                     ; 16764057                              ; --            ; finalSDAtualizado1 ; Top            ;
; PARTITION_FITTER_PRESERVATION_LEVEL ; PLACEMENT_AND_ROUTING                 ; --            ; finalSDAtualizado1 ; Top            ;
; PARTITION_NETLIST_TYPE              ; SOURCE                                ; --            ; finalSDAtualizado1 ; Top            ;
; POWER_BOARD_THERMAL_MODEL           ; None (CONSERVATIVE)                   ; --            ; --                 ; --             ;
; POWER_PRESET_COOLING_SOLUTION       ; 23 MM HEAT SINK WITH 200 LFPM AIRFLOW ; --            ; --                 ; --             ;
; PROJECT_OUTPUT_DIRECTORY            ; output_files                          ; --            ; --                 ; --             ;
; TOP_LEVEL_ENTITY                    ; finalSDAtualizado1                    ; projetoSD1    ; --                 ; --             ;
+-------------------------------------+---------------------------------------+---------------+--------------------+----------------+


+-------------------------------------------------------------------------------------------------------------------------------+
; Flow Elapsed Time                                                                                                             ;
+---------------------------+--------------+-------------------------+---------------------+------------------------------------+
; Module Name               ; Elapsed Time ; Average Processors Used ; Peak Virtual Memory ; Total CPU Time (on all processors) ;
+---------------------------+--------------+-------------------------+---------------------+------------------------------------+
; Analysis & Synthesis      ; 00:00:06     ; 1.0                     ; 393 MB              ; 00:00:06                           ;
; Fitter                    ; 00:00:12     ; 1.0                     ; 485 MB              ; 00:00:12                           ;
; Assembler                 ; 00:00:04     ; 1.0                     ; 364 MB              ; 00:00:03                           ;
; TimeQuest Timing Analyzer ; 00:00:01     ; 1.0                     ; 313 MB              ; 00:00:01                           ;
; EDA Netlist Writer        ; 00:00:01     ; 1.0                     ; 305 MB              ; 00:00:01                           ;
; Total                     ; 00:00:24     ; --                      ; --                  ; 00:00:23                           ;
+---------------------------+--------------+-------------------------+---------------------+------------------------------------+


+----------------------------------------------------------------------------------------+
; Flow OS Summary                                                                        ;
+---------------------------+------------------+-----------+------------+----------------+
; Module Name               ; Machine Hostname ; OS Name   ; OS Version ; Processor type ;
+---------------------------+------------------+-----------+------------+----------------+
; Analysis & Synthesis      ; LHR06            ; Windows 7 ; 6.1        ; x86_64         ;
; Fitter                    ; LHR06            ; Windows 7 ; 6.1        ; x86_64         ;
; Assembler                 ; LHR06            ; Windows 7 ; 6.1        ; x86_64         ;
; TimeQuest Timing Analyzer ; LHR06            ; Windows 7 ; 6.1        ; x86_64         ;
; EDA Netlist Writer        ; LHR06            ; Windows 7 ; 6.1        ; x86_64         ;
+---------------------------+------------------+-----------+------------+----------------+


------------
; Flow Log ;
------------
quartus_map --read_settings_files=on --write_settings_files=off projetoSD1 -c projetoSD1
quartus_fit --read_settings_files=off --write_settings_files=off projetoSD1 -c projetoSD1
quartus_asm --read_settings_files=off --write_settings_files=off projetoSD1 -c projetoSD1
quartus_sta projetoSD1 -c projetoSD1
quartus_eda --read_settings_files=off --write_settings_files=off projetoSD1 -c projetoSD1



